ERROR - 2022-06-19 03:04:12 --> Duplicate entry '' for key 'PRIMARY'
CRITICAL - 2022-06-19 03:04:12 --> Duplicate entry '' for key 'PRIMARY'
in SYSTEMPATH\Database\MySQLi\Connection.php on line 292.
 1 SYSTEMPATH\Database\MySQLi\Connection.php(292): mysqli->query('INSERT INTO `buku` (`kode_buku`, `judul`, `tahun`, `pengarang`, `jumlah`) VALUES (\'\', \'\', \'\', \'\', \'\')', 0)
 2 SYSTEMPATH\Database\BaseConnection.php(678): CodeIgniter\Database\MySQLi\Connection->execute('INSERT INTO `buku` (`kode_buku`, `judul`, `tahun`, `pengarang`, `jumlah`) VALUES (\'\', \'\', \'\', \'\', \'\')')
 3 SYSTEMPATH\Database\BaseConnection.php(606): CodeIgniter\Database\BaseConnection->simpleQuery('INSERT INTO `buku` (`kode_buku`, `judul`, `tahun`, `pengarang`, `jumlah`) VALUES (\'\', \'\', \'\', \'\', \'\')')
 4 SYSTEMPATH\Database\BaseBuilder.php(1904): CodeIgniter\Database\BaseConnection->query('INSERT INTO `buku` (`kode_buku`, `judul`, `tahun`, `pengarang`, `jumlah`) VALUES (:kode_buku:, :judul:, :tahun:, :pengarang:, :jumlah:)', [...], false)
 5 SYSTEMPATH\Model.php(278): CodeIgniter\Database\BaseBuilder->insert()
 6 SYSTEMPATH\BaseModel.php(738): CodeIgniter\Model->doInsert([...])
 7 SYSTEMPATH\Model.php(666): CodeIgniter\BaseModel->insert([...], true)
 8 APPPATH\Controllers\Buku.php(37): CodeIgniter\Model->insert([...])
 9 SYSTEMPATH\CodeIgniter.php(898): App\Controllers\Buku->simpanbuku()
10 SYSTEMPATH\CodeIgniter.php(468): CodeIgniter\CodeIgniter->runController(Object(App\Controllers\Buku))
11 SYSTEMPATH\CodeIgniter.php(351): CodeIgniter\CodeIgniter->handleRequest(null, Object(Config\Cache), false)
12 FCPATH\index.php(55): CodeIgniter\CodeIgniter->run()
13 SYSTEMPATH\Commands\Server\rewrite.php(43): require_once('FCPATH\\index.php')
CRITICAL - 2022-06-19 04:33:25 --> Undefined variable: validation
in APPPATH\Views\pages\buku.php on line 28.
 1 APPPATH\Views\pages\buku.php(28): CodeIgniter\Debug\Exceptions->errorHandler(8, 'Undefined variable: validation', 'APPPATH\\Views\\pages\\buku.php', 28, [...])
 2 SYSTEMPATH\View\View.php(213): include('APPPATH\\Views\\pages\\buku.php')
 3 SYSTEMPATH\View\View.php(216): CodeIgniter\View\View->CodeIgniter\View\{closure}()
 4 SYSTEMPATH\Common.php(1135): CodeIgniter\View\View->render('pages/buku', [], true)
 5 APPPATH\Controllers\Buku.php(25): view('pages/buku', [...])
 6 SYSTEMPATH\CodeIgniter.php(898): App\Controllers\Buku->formbuku()
 7 SYSTEMPATH\CodeIgniter.php(468): CodeIgniter\CodeIgniter->runController(Object(App\Controllers\Buku))
 8 SYSTEMPATH\CodeIgniter.php(351): CodeIgniter\CodeIgniter->handleRequest(null, Object(Config\Cache), false)
 9 FCPATH\index.php(55): CodeIgniter\CodeIgniter->run()
10 SYSTEMPATH\Commands\Server\rewrite.php(43): require_once('FCPATH\\index.php')
CRITICAL - 2022-06-19 06:59:09 --> Invalid file: templat2e.php
in SYSTEMPATH\Exceptions\FrameworkException.php on line 33.
 1 SYSTEMPATH\View\View.php(201): CodeIgniter\Exceptions\FrameworkException::forInvalidFile('templat2e.php')
 2 SYSTEMPATH\View\View.php(229): CodeIgniter\View\View->render('templat2e', [], true)
 3 SYSTEMPATH\Common.php(1135): CodeIgniter\View\View->render('pages/anggota', [], true)
 4 APPPATH\Controllers\Anggota.php(25): view('pages/anggota', [...])
 5 SYSTEMPATH\CodeIgniter.php(898): App\Controllers\Anggota->formanggota()
 6 SYSTEMPATH\CodeIgniter.php(468): CodeIgniter\CodeIgniter->runController(Object(App\Controllers\Anggota))
 7 SYSTEMPATH\CodeIgniter.php(351): CodeIgniter\CodeIgniter->handleRequest(null, Object(Config\Cache), false)
 8 FCPATH\index.php(55): CodeIgniter\CodeIgniter->run()
 9 SYSTEMPATH\Commands\Server\rewrite.php(43): require_once('FCPATH\\index.php')
CRITICAL - 2022-06-19 06:59:45 --> Invalid file: templat2e.php
in SYSTEMPATH\Exceptions\FrameworkException.php on line 33.
 1 SYSTEMPATH\View\View.php(201): CodeIgniter\Exceptions\FrameworkException::forInvalidFile('templat2e.php')
 2 SYSTEMPATH\View\View.php(229): CodeIgniter\View\View->render('templat2e', [], true)
 3 SYSTEMPATH\Common.php(1135): CodeIgniter\View\View->render('pages/anggota', [], true)
 4 APPPATH\Controllers\Anggota.php(25): view('pages/anggota', [...])
 5 SYSTEMPATH\CodeIgniter.php(898): App\Controllers\Anggota->formanggota()
 6 SYSTEMPATH\CodeIgniter.php(468): CodeIgniter\CodeIgniter->runController(Object(App\Controllers\Anggota))
 7 SYSTEMPATH\CodeIgniter.php(351): CodeIgniter\CodeIgniter->handleRequest(null, Object(Config\Cache), false)
 8 FCPATH\index.php(55): CodeIgniter\CodeIgniter->run()
 9 SYSTEMPATH\Commands\Server\rewrite.php(43): require_once('FCPATH\\index.php')
CRITICAL - 2022-06-19 07:22:44 --> Undefined variable: Buku
in APPPATH\Views\pages\buku.php on line 34.
 1 APPPATH\Views\pages\buku.php(34): CodeIgniter\Debug\Exceptions->errorHandler(8, 'Undefined variable: Buku', 'APPPATH\\Views\\pages\\buku.php', 34, [...])
 2 SYSTEMPATH\View\View.php(213): include('APPPATH\\Views\\pages\\buku.php')
 3 SYSTEMPATH\View\View.php(216): CodeIgniter\View\View->CodeIgniter\View\{closure}()
 4 SYSTEMPATH\Common.php(1135): CodeIgniter\View\View->render('pages/buku', [], true)
 5 APPPATH\Controllers\Buku.php(30): view('pages/buku', [...])
 6 SYSTEMPATH\CodeIgniter.php(898): App\Controllers\Buku->formbuku()
 7 SYSTEMPATH\CodeIgniter.php(468): CodeIgniter\CodeIgniter->runController(Object(App\Controllers\Buku))
 8 SYSTEMPATH\CodeIgniter.php(351): CodeIgniter\CodeIgniter->handleRequest(null, Object(Config\Cache), false)
 9 FCPATH\index.php(55): CodeIgniter\CodeIgniter->run()
10 SYSTEMPATH\Commands\Server\rewrite.php(43): require_once('FCPATH\\index.php')
CRITICAL - 2022-06-19 07:23:04 --> Undefined variable: buku
in APPPATH\Views\pages\buku.php on line 34.
 1 APPPATH\Views\pages\buku.php(34): CodeIgniter\Debug\Exceptions->errorHandler(8, 'Undefined variable: buku', 'APPPATH\\Views\\pages\\buku.php', 34, [...])
 2 SYSTEMPATH\View\View.php(213): include('APPPATH\\Views\\pages\\buku.php')
 3 SYSTEMPATH\View\View.php(216): CodeIgniter\View\View->CodeIgniter\View\{closure}()
 4 SYSTEMPATH\Common.php(1135): CodeIgniter\View\View->render('pages/buku', [], true)
 5 APPPATH\Controllers\Buku.php(30): view('pages/buku', [...])
 6 SYSTEMPATH\CodeIgniter.php(898): App\Controllers\Buku->formbuku()
 7 SYSTEMPATH\CodeIgniter.php(468): CodeIgniter\CodeIgniter->runController(Object(App\Controllers\Buku))
 8 SYSTEMPATH\CodeIgniter.php(351): CodeIgniter\CodeIgniter->handleRequest(null, Object(Config\Cache), false)
 9 FCPATH\index.php(55): CodeIgniter\CodeIgniter->run()
10 SYSTEMPATH\Commands\Server\rewrite.php(43): require_once('FCPATH\\index.php')
CRITICAL - 2022-06-19 07:23:06 --> Undefined variable: buku
in APPPATH\Views\pages\buku.php on line 34.
 1 APPPATH\Views\pages\buku.php(34): CodeIgniter\Debug\Exceptions->errorHandler(8, 'Undefined variable: buku', 'APPPATH\\Views\\pages\\buku.php', 34, [...])
 2 SYSTEMPATH\View\View.php(213): include('APPPATH\\Views\\pages\\buku.php')
 3 SYSTEMPATH\View\View.php(216): CodeIgniter\View\View->CodeIgniter\View\{closure}()
 4 SYSTEMPATH\Common.php(1135): CodeIgniter\View\View->render('pages/buku', [], true)
 5 APPPATH\Controllers\Buku.php(30): view('pages/buku', [...])
 6 SYSTEMPATH\CodeIgniter.php(898): App\Controllers\Buku->formbuku()
 7 SYSTEMPATH\CodeIgniter.php(468): CodeIgniter\CodeIgniter->runController(Object(App\Controllers\Buku))
 8 SYSTEMPATH\CodeIgniter.php(351): CodeIgniter\CodeIgniter->handleRequest(null, Object(Config\Cache), false)
 9 FCPATH\index.php(55): CodeIgniter\CodeIgniter->run()
10 SYSTEMPATH\Commands\Server\rewrite.php(43): require_once('FCPATH\\index.php')
CRITICAL - 2022-06-19 07:23:06 --> Undefined variable: buku
in APPPATH\Views\pages\buku.php on line 34.
 1 APPPATH\Views\pages\buku.php(34): CodeIgniter\Debug\Exceptions->errorHandler(8, 'Undefined variable: buku', 'APPPATH\\Views\\pages\\buku.php', 34, [...])
 2 SYSTEMPATH\View\View.php(213): include('APPPATH\\Views\\pages\\buku.php')
 3 SYSTEMPATH\View\View.php(216): CodeIgniter\View\View->CodeIgniter\View\{closure}()
 4 SYSTEMPATH\Common.php(1135): CodeIgniter\View\View->render('pages/buku', [], true)
 5 APPPATH\Controllers\Buku.php(30): view('pages/buku', [...])
 6 SYSTEMPATH\CodeIgniter.php(898): App\Controllers\Buku->formbuku()
 7 SYSTEMPATH\CodeIgniter.php(468): CodeIgniter\CodeIgniter->runController(Object(App\Controllers\Buku))
 8 SYSTEMPATH\CodeIgniter.php(351): CodeIgniter\CodeIgniter->handleRequest(null, Object(Config\Cache), false)
 9 FCPATH\index.php(55): CodeIgniter\CodeIgniter->run()
10 SYSTEMPATH\Commands\Server\rewrite.php(43): require_once('FCPATH\\index.php')
CRITICAL - 2022-06-19 07:23:07 --> Undefined variable: buku
in APPPATH\Views\pages\buku.php on line 34.
 1 APPPATH\Views\pages\buku.php(34): CodeIgniter\Debug\Exceptions->errorHandler(8, 'Undefined variable: buku', 'APPPATH\\Views\\pages\\buku.php', 34, [...])
 2 SYSTEMPATH\View\View.php(213): include('APPPATH\\Views\\pages\\buku.php')
 3 SYSTEMPATH\View\View.php(216): CodeIgniter\View\View->CodeIgniter\View\{closure}()
 4 SYSTEMPATH\Common.php(1135): CodeIgniter\View\View->render('pages/buku', [], true)
 5 APPPATH\Controllers\Buku.php(30): view('pages/buku', [...])
 6 SYSTEMPATH\CodeIgniter.php(898): App\Controllers\Buku->formbuku()
 7 SYSTEMPATH\CodeIgniter.php(468): CodeIgniter\CodeIgniter->runController(Object(App\Controllers\Buku))
 8 SYSTEMPATH\CodeIgniter.php(351): CodeIgniter\CodeIgniter->handleRequest(null, Object(Config\Cache), false)
 9 FCPATH\index.php(55): CodeIgniter\CodeIgniter->run()
10 SYSTEMPATH\Commands\Server\rewrite.php(43): require_once('FCPATH\\index.php')
CRITICAL - 2022-06-19 07:24:58 --> Undefined variable: Buku
in APPPATH\Views\pages\buku.php on line 34.
 1 APPPATH\Views\pages\buku.php(34): CodeIgniter\Debug\Exceptions->errorHandler(8, 'Undefined variable: Buku', 'APPPATH\\Views\\pages\\buku.php', 34, [...])
 2 SYSTEMPATH\View\View.php(213): include('APPPATH\\Views\\pages\\buku.php')
 3 SYSTEMPATH\View\View.php(216): CodeIgniter\View\View->CodeIgniter\View\{closure}()
 4 SYSTEMPATH\Common.php(1135): CodeIgniter\View\View->render('pages/buku', [], true)
 5 APPPATH\Controllers\Buku.php(30): view('pages/buku', [...])
 6 SYSTEMPATH\CodeIgniter.php(898): App\Controllers\Buku->formbuku()
 7 SYSTEMPATH\CodeIgniter.php(468): CodeIgniter\CodeIgniter->runController(Object(App\Controllers\Buku))
 8 SYSTEMPATH\CodeIgniter.php(351): CodeIgniter\CodeIgniter->handleRequest(null, Object(Config\Cache), false)
 9 FCPATH\index.php(55): CodeIgniter\CodeIgniter->run()
10 SYSTEMPATH\Commands\Server\rewrite.php(43): require_once('FCPATH\\index.php')
CRITICAL - 2022-06-19 07:25:35 --> Undefined variable: Buku
in APPPATH\Views\pages\buku.php on line 39.
 1 APPPATH\Views\pages\buku.php(39): CodeIgniter\Debug\Exceptions->errorHandler(8, 'Undefined variable: Buku', 'APPPATH\\Views\\pages\\buku.php', 39, [...])
 2 SYSTEMPATH\View\View.php(213): include('APPPATH\\Views\\pages\\buku.php')
 3 SYSTEMPATH\View\View.php(216): CodeIgniter\View\View->CodeIgniter\View\{closure}()
 4 SYSTEMPATH\Common.php(1135): CodeIgniter\View\View->render('pages/buku', [], true)
 5 APPPATH\Controllers\Buku.php(30): view('pages/buku', [...])
 6 SYSTEMPATH\CodeIgniter.php(898): App\Controllers\Buku->formbuku()
 7 SYSTEMPATH\CodeIgniter.php(468): CodeIgniter\CodeIgniter->runController(Object(App\Controllers\Buku))
 8 SYSTEMPATH\CodeIgniter.php(351): CodeIgniter\CodeIgniter->handleRequest(null, Object(Config\Cache), false)
 9 FCPATH\index.php(55): CodeIgniter\CodeIgniter->run()
10 SYSTEMPATH\Commands\Server\rewrite.php(43): require_once('FCPATH\\index.php')
CRITICAL - 2022-06-19 07:25:36 --> Undefined variable: Buku
in APPPATH\Views\pages\buku.php on line 39.
 1 APPPATH\Views\pages\buku.php(39): CodeIgniter\Debug\Exceptions->errorHandler(8, 'Undefined variable: Buku', 'APPPATH\\Views\\pages\\buku.php', 39, [...])
 2 SYSTEMPATH\View\View.php(213): include('APPPATH\\Views\\pages\\buku.php')
 3 SYSTEMPATH\View\View.php(216): CodeIgniter\View\View->CodeIgniter\View\{closure}()
 4 SYSTEMPATH\Common.php(1135): CodeIgniter\View\View->render('pages/buku', [], true)
 5 APPPATH\Controllers\Buku.php(30): view('pages/buku', [...])
 6 SYSTEMPATH\CodeIgniter.php(898): App\Controllers\Buku->formbuku()
 7 SYSTEMPATH\CodeIgniter.php(468): CodeIgniter\CodeIgniter->runController(Object(App\Controllers\Buku))
 8 SYSTEMPATH\CodeIgniter.php(351): CodeIgniter\CodeIgniter->handleRequest(null, Object(Config\Cache), false)
 9 FCPATH\index.php(55): CodeIgniter\CodeIgniter->run()
10 SYSTEMPATH\Commands\Server\rewrite.php(43): require_once('FCPATH\\index.php')
CRITICAL - 2022-06-19 07:25:37 --> Undefined variable: Buku
in APPPATH\Views\pages\buku.php on line 39.
 1 APPPATH\Views\pages\buku.php(39): CodeIgniter\Debug\Exceptions->errorHandler(8, 'Undefined variable: Buku', 'APPPATH\\Views\\pages\\buku.php', 39, [...])
 2 SYSTEMPATH\View\View.php(213): include('APPPATH\\Views\\pages\\buku.php')
 3 SYSTEMPATH\View\View.php(216): CodeIgniter\View\View->CodeIgniter\View\{closure}()
 4 SYSTEMPATH\Common.php(1135): CodeIgniter\View\View->render('pages/buku', [], true)
 5 APPPATH\Controllers\Buku.php(30): view('pages/buku', [...])
 6 SYSTEMPATH\CodeIgniter.php(898): App\Controllers\Buku->formbuku()
 7 SYSTEMPATH\CodeIgniter.php(468): CodeIgniter\CodeIgniter->runController(Object(App\Controllers\Buku))
 8 SYSTEMPATH\CodeIgniter.php(351): CodeIgniter\CodeIgniter->handleRequest(null, Object(Config\Cache), false)
 9 FCPATH\index.php(55): CodeIgniter\CodeIgniter->run()
10 SYSTEMPATH\Commands\Server\rewrite.php(43): require_once('FCPATH\\index.php')
CRITICAL - 2022-06-19 07:25:51 --> Undefined variable: formbuku
in APPPATH\Views\pages\buku.php on line 34.
 1 APPPATH\Views\pages\buku.php(34): CodeIgniter\Debug\Exceptions->errorHandler(8, 'Undefined variable: formbuku', 'APPPATH\\Views\\pages\\buku.php', 34, [...])
 2 SYSTEMPATH\View\View.php(213): include('APPPATH\\Views\\pages\\buku.php')
 3 SYSTEMPATH\View\View.php(216): CodeIgniter\View\View->CodeIgniter\View\{closure}()
 4 SYSTEMPATH\Common.php(1135): CodeIgniter\View\View->render('pages/buku', [], true)
 5 APPPATH\Controllers\Buku.php(30): view('pages/buku', [...])
 6 SYSTEMPATH\CodeIgniter.php(898): App\Controllers\Buku->formbuku()
 7 SYSTEMPATH\CodeIgniter.php(468): CodeIgniter\CodeIgniter->runController(Object(App\Controllers\Buku))
 8 SYSTEMPATH\CodeIgniter.php(351): CodeIgniter\CodeIgniter->handleRequest(null, Object(Config\Cache), false)
 9 FCPATH\index.php(55): CodeIgniter\CodeIgniter->run()
10 SYSTEMPATH\Commands\Server\rewrite.php(43): require_once('FCPATH\\index.php')
CRITICAL - 2022-06-19 07:28:22 --> Undefined variable: buku
in APPPATH\Views\pages\databuku.php on line 34.
 1 APPPATH\Views\pages\databuku.php(34): CodeIgniter\Debug\Exceptions->errorHandler(8, 'Undefined variable: buku', 'APPPATH\\Views\\pages\\databuku.php', 34, [...])
 2 SYSTEMPATH\View\View.php(213): include('APPPATH\\Views\\pages\\databuku.php')
 3 SYSTEMPATH\View\View.php(216): CodeIgniter\View\View->CodeIgniter\View\{closure}()
 4 SYSTEMPATH\Common.php(1135): CodeIgniter\View\View->render('pages/databuku', [], true)
 5 APPPATH\Controllers\Buku.php(21): view('pages/databuku', [...])
 6 SYSTEMPATH\CodeIgniter.php(898): App\Controllers\Buku->index()
 7 SYSTEMPATH\CodeIgniter.php(468): CodeIgniter\CodeIgniter->runController(Object(App\Controllers\Buku))
 8 SYSTEMPATH\CodeIgniter.php(351): CodeIgniter\CodeIgniter->handleRequest(null, Object(Config\Cache), false)
 9 FCPATH\index.php(55): CodeIgniter\CodeIgniter->run()
10 SYSTEMPATH\Commands\Server\rewrite.php(43): require_once('FCPATH\\index.php')
CRITICAL - 2022-06-19 07:28:41 --> Undefined variable: validation
in APPPATH\Views\pages\databuku.php on line 50.
 1 APPPATH\Views\pages\databuku.php(50): CodeIgniter\Debug\Exceptions->errorHandler(8, 'Undefined variable: validation', 'APPPATH\\Views\\pages\\databuku.php', 50, [...])
 2 SYSTEMPATH\View\View.php(213): include('APPPATH\\Views\\pages\\databuku.php')
 3 SYSTEMPATH\View\View.php(216): CodeIgniter\View\View->CodeIgniter\View\{closure}()
 4 SYSTEMPATH\Common.php(1135): CodeIgniter\View\View->render('pages/databuku', [], true)
 5 APPPATH\Controllers\Buku.php(21): view('pages/databuku', [...])
 6 SYSTEMPATH\CodeIgniter.php(898): App\Controllers\Buku->index()
 7 SYSTEMPATH\CodeIgniter.php(468): CodeIgniter\CodeIgniter->runController(Object(App\Controllers\Buku))
 8 SYSTEMPATH\CodeIgniter.php(351): CodeIgniter\CodeIgniter->handleRequest(null, Object(Config\Cache), false)
 9 FCPATH\index.php(55): CodeIgniter\CodeIgniter->run()
10 SYSTEMPATH\Commands\Server\rewrite.php(43): require_once('FCPATH\\index.php')
CRITICAL - 2022-06-19 07:29:22 --> Undefined variable: validation
in APPPATH\Views\pages\databuku.php on line 52.
 1 APPPATH\Views\pages\databuku.php(52): CodeIgniter\Debug\Exceptions->errorHandler(8, 'Undefined variable: validation', 'APPPATH\\Views\\pages\\databuku.php', 52, [...])
 2 SYSTEMPATH\View\View.php(213): include('APPPATH\\Views\\pages\\databuku.php')
 3 SYSTEMPATH\View\View.php(216): CodeIgniter\View\View->CodeIgniter\View\{closure}()
 4 SYSTEMPATH\Common.php(1135): CodeIgniter\View\View->render('pages/databuku', [], true)
 5 APPPATH\Controllers\Buku.php(21): view('pages/databuku', [...])
 6 SYSTEMPATH\CodeIgniter.php(898): App\Controllers\Buku->index()
 7 SYSTEMPATH\CodeIgniter.php(468): CodeIgniter\CodeIgniter->runController(Object(App\Controllers\Buku))
 8 SYSTEMPATH\CodeIgniter.php(351): CodeIgniter\CodeIgniter->handleRequest(null, Object(Config\Cache), false)
 9 FCPATH\index.php(55): CodeIgniter\CodeIgniter->run()
10 SYSTEMPATH\Commands\Server\rewrite.php(43): require_once('FCPATH\\index.php')
CRITICAL - 2022-06-19 07:30:41 --> Undefined variable: Buku
in APPPATH\Views\pages\buku.php on line 40.
 1 APPPATH\Views\pages\buku.php(40): CodeIgniter\Debug\Exceptions->errorHandler(8, 'Undefined variable: Buku', 'APPPATH\\Views\\pages\\buku.php', 40, [...])
 2 SYSTEMPATH\View\View.php(213): include('APPPATH\\Views\\pages\\buku.php')
 3 SYSTEMPATH\View\View.php(216): CodeIgniter\View\View->CodeIgniter\View\{closure}()
 4 SYSTEMPATH\Common.php(1135): CodeIgniter\View\View->render('pages/buku', [], true)
 5 APPPATH\Controllers\Buku.php(30): view('pages/buku', [...])
 6 SYSTEMPATH\CodeIgniter.php(898): App\Controllers\Buku->formbuku()
 7 SYSTEMPATH\CodeIgniter.php(468): CodeIgniter\CodeIgniter->runController(Object(App\Controllers\Buku))
 8 SYSTEMPATH\CodeIgniter.php(351): CodeIgniter\CodeIgniter->handleRequest(null, Object(Config\Cache), false)
 9 FCPATH\index.php(55): CodeIgniter\CodeIgniter->run()
10 SYSTEMPATH\Commands\Server\rewrite.php(43): require_once('FCPATH\\index.php')
CRITICAL - 2022-06-19 07:32:51 --> Undefined variable: buku
in APPPATH\Controllers\Buku.php on line 28.
 1 APPPATH\Controllers\Buku.php(28): CodeIgniter\Debug\Exceptions->errorHandler(8, 'Undefined variable: buku', 'APPPATH\\Controllers\\Buku.php', 28, [])
 2 SYSTEMPATH\CodeIgniter.php(898): App\Controllers\Buku->formbuku()
 3 SYSTEMPATH\CodeIgniter.php(468): CodeIgniter\CodeIgniter->runController(Object(App\Controllers\Buku))
 4 SYSTEMPATH\CodeIgniter.php(351): CodeIgniter\CodeIgniter->handleRequest(null, Object(Config\Cache), false)
 5 FCPATH\index.php(55): CodeIgniter\CodeIgniter->run()
 6 SYSTEMPATH\Commands\Server\rewrite.php(43): require_once('FCPATH\\index.php')
CRITICAL - 2022-06-19 07:37:54 --> Division by zero
in SYSTEMPATH\Pager\Pager.php on line 147.
 1 SYSTEMPATH\Pager\Pager.php(147): CodeIgniter\Debug\Exceptions->errorHandler(2, 'Division by zero', 'SYSTEMPATH\\Pager\\Pager.php', 147, [...])
 2 SYSTEMPATH\BaseModel.php(1084): CodeIgniter\Pager\Pager->store('databuku', 1, 0, 6, 0)
 3 APPPATH\Controllers\Buku.php(29): CodeIgniter\BaseModel->paginate(0, 'databuku')
 4 SYSTEMPATH\CodeIgniter.php(898): App\Controllers\Buku->formbuku()
 5 SYSTEMPATH\CodeIgniter.php(468): CodeIgniter\CodeIgniter->runController(Object(App\Controllers\Buku))
 6 SYSTEMPATH\CodeIgniter.php(351): CodeIgniter\CodeIgniter->handleRequest(null, Object(Config\Cache), false)
 7 FCPATH\index.php(55): CodeIgniter\CodeIgniter->run()
 8 SYSTEMPATH\Commands\Server\rewrite.php(43): require_once('FCPATH\\index.php')
ERROR - 2022-06-19 07:38:04 --> You have an error in your SQL syntax; check the manual that corresponds to your MariaDB server version for the right syntax to use near '-1' at line 3
CRITICAL - 2022-06-19 07:38:04 --> You have an error in your SQL syntax; check the manual that corresponds to your MariaDB server version for the right syntax to use near '-1' at line 3
in SYSTEMPATH\Database\MySQLi\Connection.php on line 292.
 1 SYSTEMPATH\Database\MySQLi\Connection.php(292): mysqli->query('SELECT *
FROM `buku`
 LIMIT 7, -1', 0)
 2 SYSTEMPATH\Database\BaseConnection.php(678): CodeIgniter\Database\MySQLi\Connection->execute('SELECT *
FROM `buku`
 LIMIT 7, -1')
 3 SYSTEMPATH\Database\BaseConnection.php(606): CodeIgniter\Database\BaseConnection->simpleQuery('SELECT *
FROM `buku`
 LIMIT 7, -1')
 4 SYSTEMPATH\Database\BaseBuilder.php(1585): CodeIgniter\Database\BaseConnection->query('SELECT *
FROM `buku`
 LIMIT 7, -1', [], false)
 5 SYSTEMPATH\Model.php(222): CodeIgniter\Database\BaseBuilder->get()
 6 SYSTEMPATH\BaseModel.php(584): CodeIgniter\Model->doFindAll(-1, 7)
 7 SYSTEMPATH\BaseModel.php(1088): CodeIgniter\BaseModel->findAll(-1, 7)
 8 APPPATH\Controllers\Buku.php(29): CodeIgniter\BaseModel->paginate(-1, 'databuku')
 9 SYSTEMPATH\CodeIgniter.php(898): App\Controllers\Buku->formbuku()
10 SYSTEMPATH\CodeIgniter.php(468): CodeIgniter\CodeIgniter->runController(Object(App\Controllers\Buku))
11 SYSTEMPATH\CodeIgniter.php(351): CodeIgniter\CodeIgniter->handleRequest(null, Object(Config\Cache), false)
12 FCPATH\index.php(55): CodeIgniter\CodeIgniter->run()
13 SYSTEMPATH\Commands\Server\rewrite.php(43): require_once('FCPATH\\index.php')
CRITICAL - 2022-06-19 07:47:55 --> Access to undeclared static property: Kint\Kint::$depth_limit
in SYSTEMPATH\CodeIgniter.php on line 264.
 1 SYSTEMPATH\CodeIgniter.php(198): CodeIgniter\CodeIgniter->initializeKint()
 2 FCPATH\index.php(43): CodeIgniter\CodeIgniter->initialize()
 3 SYSTEMPATH\Commands\Server\rewrite.php(43): require_once('FCPATH\\index.php')
CRITICAL - 2022-06-19 07:55:12 --> Invalid file: CodeIgniter\Pager\Views\buku_pagination.php
in SYSTEMPATH\Exceptions\FrameworkException.php on line 33.
 1 SYSTEMPATH\View\View.php(201): CodeIgniter\Exceptions\FrameworkException::forInvalidFile('CodeIgniter\\Pager\\Views\\buku_pagination.php')
 2 SYSTEMPATH\Pager\Pager.php(125): CodeIgniter\View\View->render('CodeIgniter\\Pager\\Views\\buku_pagination')
 3 SYSTEMPATH\Pager\Pager.php(83): CodeIgniter\Pager\Pager->displayLinks('databuku', 'buku_pagination')
 4 APPPATH\Views\pages\buku.php(51): CodeIgniter\Pager\Pager->links('databuku', 'buku_pagination')
 5 SYSTEMPATH\View\View.php(213): include('APPPATH\\Views\\pages\\buku.php')
 6 SYSTEMPATH\View\View.php(216): CodeIgniter\View\View->CodeIgniter\View\{closure}()
 7 SYSTEMPATH\Common.php(1135): CodeIgniter\View\View->render('pages/buku', [], true)
 8 APPPATH\Controllers\Buku.php(33): view('pages/buku', [...])
 9 SYSTEMPATH\CodeIgniter.php(898): App\Controllers\Buku->formbuku()
10 SYSTEMPATH\CodeIgniter.php(468): CodeIgniter\CodeIgniter->runController(Object(App\Controllers\Buku))
11 SYSTEMPATH\CodeIgniter.php(351): CodeIgniter\CodeIgniter->handleRequest(null, Object(Config\Cache), false)
12 FCPATH\index.php(55): CodeIgniter\CodeIgniter->run()
13 SYSTEMPATH\Commands\Server\rewrite.php(43): require_once('FCPATH\\index.php')
CRITICAL - 2022-06-19 07:55:23 --> Invalid file: CodeIgniter\Pager\Views\buku_pagination.php
in SYSTEMPATH\Exceptions\FrameworkException.php on line 33.
 1 SYSTEMPATH\View\View.php(201): CodeIgniter\Exceptions\FrameworkException::forInvalidFile('CodeIgniter\\Pager\\Views\\buku_pagination.php')
 2 SYSTEMPATH\Pager\Pager.php(125): CodeIgniter\View\View->render('CodeIgniter\\Pager\\Views\\buku_pagination')
 3 SYSTEMPATH\Pager\Pager.php(83): CodeIgniter\Pager\Pager->displayLinks('databuku', 'buku_pagination')
 4 APPPATH\Views\pages\buku.php(51): CodeIgniter\Pager\Pager->links('databuku', 'buku_pagination')
 5 SYSTEMPATH\View\View.php(213): include('APPPATH\\Views\\pages\\buku.php')
 6 SYSTEMPATH\View\View.php(216): CodeIgniter\View\View->CodeIgniter\View\{closure}()
 7 SYSTEMPATH\Common.php(1135): CodeIgniter\View\View->render('pages/buku', [], true)
 8 APPPATH\Controllers\Buku.php(33): view('pages/buku', [...])
 9 SYSTEMPATH\CodeIgniter.php(898): App\Controllers\Buku->formbuku()
10 SYSTEMPATH\CodeIgniter.php(468): CodeIgniter\CodeIgniter->runController(Object(App\Controllers\Buku))
11 SYSTEMPATH\CodeIgniter.php(351): CodeIgniter\CodeIgniter->handleRequest(null, Object(Config\Cache), false)
12 FCPATH\index.php(55): CodeIgniter\CodeIgniter->run()
13 SYSTEMPATH\Commands\Server\rewrite.php(43): require_once('FCPATH\\index.php')
CRITICAL - 2022-06-19 08:03:07 --> Invalid file: CodeIgniter\Pager\Views\buku_pagination.php
in SYSTEMPATH\Exceptions\FrameworkException.php on line 33.
 1 SYSTEMPATH\View\View.php(201): CodeIgniter\Exceptions\FrameworkException::forInvalidFile('CodeIgniter\\Pager\\Views\\buku_pagination.php')
 2 SYSTEMPATH\Pager\Pager.php(125): CodeIgniter\View\View->render('CodeIgniter\\Pager\\Views\\buku_pagination')
 3 SYSTEMPATH\Pager\Pager.php(83): CodeIgniter\Pager\Pager->displayLinks('databuku', 'buku_pagination')
 4 APPPATH\Views\pages\buku.php(51): CodeIgniter\Pager\Pager->links('databuku', 'buku_pagination')
 5 SYSTEMPATH\View\View.php(213): include('APPPATH\\Views\\pages\\buku.php')
 6 SYSTEMPATH\View\View.php(216): CodeIgniter\View\View->CodeIgniter\View\{closure}()
 7 SYSTEMPATH\Common.php(1135): CodeIgniter\View\View->render('pages/buku', [], true)
 8 APPPATH\Controllers\Buku.php(34): view('pages/buku', [...])
 9 SYSTEMPATH\CodeIgniter.php(898): App\Controllers\Buku->formbuku()
10 SYSTEMPATH\CodeIgniter.php(468): CodeIgniter\CodeIgniter->runController(Object(App\Controllers\Buku))
11 SYSTEMPATH\CodeIgniter.php(351): CodeIgniter\CodeIgniter->handleRequest(null, Object(Config\Cache), false)
12 FCPATH\index.php(55): CodeIgniter\CodeIgniter->run()
13 SYSTEMPATH\Commands\Server\rewrite.php(43): require_once('FCPATH\\index.php')
CRITICAL - 2022-06-19 08:03:08 --> Invalid file: CodeIgniter\Pager\Views\buku_pagination.php
in SYSTEMPATH\Exceptions\FrameworkException.php on line 33.
 1 SYSTEMPATH\View\View.php(201): CodeIgniter\Exceptions\FrameworkException::forInvalidFile('CodeIgniter\\Pager\\Views\\buku_pagination.php')
 2 SYSTEMPATH\Pager\Pager.php(125): CodeIgniter\View\View->render('CodeIgniter\\Pager\\Views\\buku_pagination')
 3 SYSTEMPATH\Pager\Pager.php(83): CodeIgniter\Pager\Pager->displayLinks('databuku', 'buku_pagination')
 4 APPPATH\Views\pages\buku.php(51): CodeIgniter\Pager\Pager->links('databuku', 'buku_pagination')
 5 SYSTEMPATH\View\View.php(213): include('APPPATH\\Views\\pages\\buku.php')
 6 SYSTEMPATH\View\View.php(216): CodeIgniter\View\View->CodeIgniter\View\{closure}()
 7 SYSTEMPATH\Common.php(1135): CodeIgniter\View\View->render('pages/buku', [], true)
 8 APPPATH\Controllers\Buku.php(34): view('pages/buku', [...])
 9 SYSTEMPATH\CodeIgniter.php(898): App\Controllers\Buku->formbuku()
10 SYSTEMPATH\CodeIgniter.php(468): CodeIgniter\CodeIgniter->runController(Object(App\Controllers\Buku))
11 SYSTEMPATH\CodeIgniter.php(351): CodeIgniter\CodeIgniter->handleRequest(null, Object(Config\Cache), false)
12 FCPATH\index.php(55): CodeIgniter\CodeIgniter->run()
13 SYSTEMPATH\Commands\Server\rewrite.php(43): require_once('FCPATH\\index.php')
CRITICAL - 2022-06-19 08:03:22 --> buku_pagination is not a valid Pager template.
in SYSTEMPATH\Pager\Pager.php on line 120.
 1 SYSTEMPATH\Pager\Pager.php(120): CodeIgniter\Pager\Exceptions\PagerException::forInvalidTemplate('buku_pagination')
 2 SYSTEMPATH\Pager\Pager.php(83): CodeIgniter\Pager\Pager->displayLinks('databuku', 'buku_pagination')
 3 APPPATH\Views\pages\buku.php(51): CodeIgniter\Pager\Pager->links('databuku', 'buku_pagination')
 4 SYSTEMPATH\View\View.php(213): include('APPPATH\\Views\\pages\\buku.php')
 5 SYSTEMPATH\View\View.php(216): CodeIgniter\View\View->CodeIgniter\View\{closure}()
 6 SYSTEMPATH\Common.php(1135): CodeIgniter\View\View->render('pages/buku', [], true)
 7 APPPATH\Controllers\Buku.php(34): view('pages/buku', [...])
 8 SYSTEMPATH\CodeIgniter.php(898): App\Controllers\Buku->formbuku()
 9 SYSTEMPATH\CodeIgniter.php(468): CodeIgniter\CodeIgniter->runController(Object(App\Controllers\Buku))
10 SYSTEMPATH\CodeIgniter.php(351): CodeIgniter\CodeIgniter->handleRequest(null, Object(Config\Cache), false)
11 FCPATH\index.php(55): CodeIgniter\CodeIgniter->run()
12 SYSTEMPATH\Commands\Server\rewrite.php(43): require_once('FCPATH\\index.php')
