ERROR - 2022-06-18 00:03:34 --> Error connecting to the database: Unknown database 'perpustakaan'
CRITICAL - 2022-06-18 00:03:34 --> Unable to connect to the database.
Main connection [MySQLi]: Unknown database 'perpustakaan'
in SYSTEMPATH\Database\BaseConnection.php on line 415.
 1 SYSTEMPATH\Database\BaseConnection.php(585): CodeIgniter\Database\BaseConnection->initialize()
 2 SYSTEMPATH\Database\BaseBuilder.php(1585): CodeIgniter\Database\BaseConnection->query('SELECT *
FROM `anggota`', [], false)
 3 SYSTEMPATH\Model.php(222): CodeIgniter\Database\BaseBuilder->get()
 4 SYSTEMPATH\BaseModel.php(584): CodeIgniter\Model->doFindAll(0, 0)
 5 APPPATH\Controllers\Homeperpus.php(28): CodeIgniter\BaseModel->findAll()
 6 SYSTEMPATH\CodeIgniter.php(898): App\Controllers\Homeperpus->anggota()
 7 SYSTEMPATH\CodeIgniter.php(468): CodeIgniter\CodeIgniter->runController(Object(App\Controllers\Homeperpus))
 8 SYSTEMPATH\CodeIgniter.php(351): CodeIgniter\CodeIgniter->handleRequest(null, Object(Config\Cache), false)
 9 FCPATH\index.php(55): CodeIgniter\CodeIgniter->run()
10 SYSTEMPATH\Commands\Server\rewrite.php(43): require_once('FCPATH\\index.php')
ERROR - 2022-06-18 00:13:05 --> Table 'perpustakaan.peminjaman' doesn't exist
CRITICAL - 2022-06-18 00:13:05 --> Table 'perpustakaan.peminjaman' doesn't exist
in SYSTEMPATH\Database\MySQLi\Connection.php on line 292.
 1 SYSTEMPATH\Database\MySQLi\Connection.php(292): mysqli->query('SELECT *
FROM `peminjaman`', 0)
 2 SYSTEMPATH\Database\BaseConnection.php(678): CodeIgniter\Database\MySQLi\Connection->execute('SELECT *
FROM `peminjaman`')
 3 SYSTEMPATH\Database\BaseConnection.php(606): CodeIgniter\Database\BaseConnection->simpleQuery('SELECT *
FROM `peminjaman`')
 4 SYSTEMPATH\Database\BaseBuilder.php(1585): CodeIgniter\Database\BaseConnection->query('SELECT *
FROM `peminjaman`', [], false)
 5 SYSTEMPATH\Model.php(222): CodeIgniter\Database\BaseBuilder->get()
 6 SYSTEMPATH\BaseModel.php(584): CodeIgniter\Model->doFindAll(0, 0)
 7 APPPATH\Controllers\Homeperpus.php(39): CodeIgniter\BaseModel->findAll()
 8 SYSTEMPATH\CodeIgniter.php(898): App\Controllers\Homeperpus->peminjaman()
 9 SYSTEMPATH\CodeIgniter.php(468): CodeIgniter\CodeIgniter->runController(Object(App\Controllers\Homeperpus))
10 SYSTEMPATH\CodeIgniter.php(351): CodeIgniter\CodeIgniter->handleRequest(null, Object(Config\Cache), false)
11 FCPATH\index.php(55): CodeIgniter\CodeIgniter->run()
12 SYSTEMPATH\Commands\Server\rewrite.php(43): require_once('FCPATH\\index.php')
ERROR - 2022-06-18 01:09:01 --> Column 'kode_buku' cannot be null
CRITICAL - 2022-06-18 01:09:01 --> Column 'kode_buku' cannot be null
in SYSTEMPATH\Database\MySQLi\Connection.php on line 292.
 1 SYSTEMPATH\Database\MySQLi\Connection.php(292): mysqli->query('INSERT INTO `buku` (`kode_buku`, `judul`, `tahun`, `pengarang`, `jumlah`) VALUES (NULL, NULL, NULL, NULL, NULL)', 0)
 2 SYSTEMPATH\Database\BaseConnection.php(678): CodeIgniter\Database\MySQLi\Connection->execute('INSERT INTO `buku` (`kode_buku`, `judul`, `tahun`, `pengarang`, `jumlah`) VALUES (NULL, NULL, NULL, NULL, NULL)')
 3 SYSTEMPATH\Database\BaseConnection.php(606): CodeIgniter\Database\BaseConnection->simpleQuery('INSERT INTO `buku` (`kode_buku`, `judul`, `tahun`, `pengarang`, `jumlah`) VALUES (NULL, NULL, NULL, NULL, NULL)')
 4 SYSTEMPATH\Database\BaseBuilder.php(1904): CodeIgniter\Database\BaseConnection->query('INSERT INTO `buku` (`kode_buku`, `judul`, `tahun`, `pengarang`, `jumlah`) VALUES (:kode_buku:, :judul:, :tahun:, :pengarang:, :jumlah:)', [...], false)
 5 SYSTEMPATH\Model.php(278): CodeIgniter\Database\BaseBuilder->insert()
 6 SYSTEMPATH\BaseModel.php(738): CodeIgniter\Model->doInsert([...])
 7 SYSTEMPATH\Model.php(666): CodeIgniter\BaseModel->insert([...], true)
 8 APPPATH\Controllers\Homeperpus.php(65): CodeIgniter\Model->insert([...])
 9 SYSTEMPATH\CodeIgniter.php(898): App\Controllers\Homeperpus->simpanbuku()
10 SYSTEMPATH\CodeIgniter.php(468): CodeIgniter\CodeIgniter->runController(Object(App\Controllers\Homeperpus))
11 SYSTEMPATH\CodeIgniter.php(351): CodeIgniter\CodeIgniter->handleRequest(null, Object(Config\Cache), false)
12 FCPATH\index.php(55): CodeIgniter\CodeIgniter->run()
13 SYSTEMPATH\Commands\Server\rewrite.php(43): require_once('FCPATH\\index.php')
ERROR - 2022-06-18 01:19:22 --> Column 'kode_buku' cannot be null
CRITICAL - 2022-06-18 01:19:22 --> Column 'kode_buku' cannot be null
in SYSTEMPATH\Database\MySQLi\Connection.php on line 292.
 1 SYSTEMPATH\Database\MySQLi\Connection.php(292): mysqli->query('INSERT INTO `buku` (`kode_buku`, `judul`, `tahun`, `pengarang`, `jumlah`) VALUES (NULL, NULL, NULL, NULL, NULL)', 0)
 2 SYSTEMPATH\Database\BaseConnection.php(678): CodeIgniter\Database\MySQLi\Connection->execute('INSERT INTO `buku` (`kode_buku`, `judul`, `tahun`, `pengarang`, `jumlah`) VALUES (NULL, NULL, NULL, NULL, NULL)')
 3 SYSTEMPATH\Database\BaseConnection.php(606): CodeIgniter\Database\BaseConnection->simpleQuery('INSERT INTO `buku` (`kode_buku`, `judul`, `tahun`, `pengarang`, `jumlah`) VALUES (NULL, NULL, NULL, NULL, NULL)')
 4 SYSTEMPATH\Database\BaseBuilder.php(1904): CodeIgniter\Database\BaseConnection->query('INSERT INTO `buku` (`kode_buku`, `judul`, `tahun`, `pengarang`, `jumlah`) VALUES (:kode_buku:, :judul:, :tahun:, :pengarang:, :jumlah:)', [...], false)
 5 SYSTEMPATH\Model.php(278): CodeIgniter\Database\BaseBuilder->insert()
 6 SYSTEMPATH\BaseModel.php(738): CodeIgniter\Model->doInsert([...])
 7 SYSTEMPATH\Model.php(666): CodeIgniter\BaseModel->insert([...], true)
 8 APPPATH\Controllers\Homeperpus.php(65): CodeIgniter\Model->insert([...])
 9 SYSTEMPATH\CodeIgniter.php(898): App\Controllers\Homeperpus->simpanbuku()
10 SYSTEMPATH\CodeIgniter.php(468): CodeIgniter\CodeIgniter->runController(Object(App\Controllers\Homeperpus))
11 SYSTEMPATH\CodeIgniter.php(351): CodeIgniter\CodeIgniter->handleRequest(null, Object(Config\Cache), false)
12 FCPATH\index.php(55): CodeIgniter\CodeIgniter->run()
13 SYSTEMPATH\Commands\Server\rewrite.php(43): require_once('FCPATH\\index.php')
ERROR - 2022-06-18 02:04:59 --> Duplicate entry 'B003' for key 'PRIMARY'
CRITICAL - 2022-06-18 02:04:59 --> Duplicate entry 'B003' for key 'PRIMARY'
in SYSTEMPATH\Database\MySQLi\Connection.php on line 292.
 1 SYSTEMPATH\Database\MySQLi\Connection.php(292): mysqli->query('INSERT INTO `buku` (`kode_buku`, `judul`, `tahun`, `pengarang`, `jumlah`) VALUES (\'B003\', \'bumi\', \'2018\', \'Tereliye\', \'2\')', 0)
 2 SYSTEMPATH\Database\BaseConnection.php(678): CodeIgniter\Database\MySQLi\Connection->execute('INSERT INTO `buku` (`kode_buku`, `judul`, `tahun`, `pengarang`, `jumlah`) VALUES (\'B003\', \'bumi\', \'2018\', \'Tereliye\', \'2\')')
 3 SYSTEMPATH\Database\BaseConnection.php(606): CodeIgniter\Database\BaseConnection->simpleQuery('INSERT INTO `buku` (`kode_buku`, `judul`, `tahun`, `pengarang`, `jumlah`) VALUES (\'B003\', \'bumi\', \'2018\', \'Tereliye\', \'2\')')
 4 SYSTEMPATH\Database\BaseBuilder.php(1904): CodeIgniter\Database\BaseConnection->query('INSERT INTO `buku` (`kode_buku`, `judul`, `tahun`, `pengarang`, `jumlah`) VALUES (:kode_buku:, :judul:, :tahun:, :pengarang:, :jumlah:)', [...], false)
 5 SYSTEMPATH\Model.php(278): CodeIgniter\Database\BaseBuilder->insert()
 6 SYSTEMPATH\BaseModel.php(738): CodeIgniter\Model->doInsert([...])
 7 SYSTEMPATH\Model.php(666): CodeIgniter\BaseModel->insert([...], true)
 8 APPPATH\Controllers\Homeperpus.php(65): CodeIgniter\Model->insert([...])
 9 SYSTEMPATH\CodeIgniter.php(898): App\Controllers\Homeperpus->simpanbuku()
10 SYSTEMPATH\CodeIgniter.php(468): CodeIgniter\CodeIgniter->runController(Object(App\Controllers\Homeperpus))
11 SYSTEMPATH\CodeIgniter.php(351): CodeIgniter\CodeIgniter->handleRequest(null, Object(Config\Cache), false)
12 FCPATH\index.php(55): CodeIgniter\CodeIgniter->run()
13 SYSTEMPATH\Commands\Server\rewrite.php(43): require_once('FCPATH\\index.php')
CRITICAL - 2022-06-18 02:05:19 --> Undefined variable: buku
in APPPATH\Views\pages\buku.php on line 17.
 1 APPPATH\Views\pages\buku.php(17): CodeIgniter\Debug\Exceptions->errorHandler(8, 'Undefined variable: buku', 'APPPATH\\Views\\pages\\buku.php', 17, [...])
 2 SYSTEMPATH\View\View.php(213): include('APPPATH\\Views\\pages\\buku.php')
 3 SYSTEMPATH\View\View.php(216): CodeIgniter\View\View->CodeIgniter\View\{closure}()
 4 SYSTEMPATH\Common.php(1135): CodeIgniter\View\View->render('pages/buku', [], true)
 5 APPPATH\Controllers\Homeperpus.php(12): view('pages/buku', [...])
 6 SYSTEMPATH\CodeIgniter.php(898): App\Controllers\Homeperpus->index()
 7 SYSTEMPATH\CodeIgniter.php(468): CodeIgniter\CodeIgniter->runController(Object(App\Controllers\Homeperpus))
 8 SYSTEMPATH\CodeIgniter.php(351): CodeIgniter\CodeIgniter->handleRequest(null, Object(Config\Cache), false)
 9 FCPATH\index.php(55): CodeIgniter\CodeIgniter->run()
10 SYSTEMPATH\Commands\Server\rewrite.php(43): require_once('FCPATH\\index.php')
CRITICAL - 2022-06-18 02:10:47 --> Undefined variable: buku
in APPPATH\Views\pages\databuku.php on line 17.
 1 APPPATH\Views\pages\databuku.php(17): CodeIgniter\Debug\Exceptions->errorHandler(8, 'Undefined variable: buku', 'APPPATH\\Views\\pages\\databuku.php', 17, [...])
 2 SYSTEMPATH\View\View.php(213): include('APPPATH\\Views\\pages\\databuku.php')
 3 SYSTEMPATH\View\View.php(216): CodeIgniter\View\View->CodeIgniter\View\{closure}()
 4 SYSTEMPATH\Common.php(1135): CodeIgniter\View\View->render('pages/databuku', [], true)
 5 APPPATH\Controllers\Homeperpus.php(12): view('pages/databuku', [...])
 6 SYSTEMPATH\CodeIgniter.php(898): App\Controllers\Homeperpus->index()
 7 SYSTEMPATH\CodeIgniter.php(468): CodeIgniter\CodeIgniter->runController(Object(App\Controllers\Homeperpus))
 8 SYSTEMPATH\CodeIgniter.php(351): CodeIgniter\CodeIgniter->handleRequest(null, Object(Config\Cache), false)
 9 FCPATH\index.php(55): CodeIgniter\CodeIgniter->run()
10 SYSTEMPATH\Commands\Server\rewrite.php(43): require_once('FCPATH\\index.php')
CRITICAL - 2022-06-18 02:11:33 --> Undefined variable: databuku
in APPPATH\Views\pages\databuku.php on line 17.
 1 APPPATH\Views\pages\databuku.php(17): CodeIgniter\Debug\Exceptions->errorHandler(8, 'Undefined variable: databuku', 'APPPATH\\Views\\pages\\databuku.php', 17, [...])
 2 SYSTEMPATH\View\View.php(213): include('APPPATH\\Views\\pages\\databuku.php')
 3 SYSTEMPATH\View\View.php(216): CodeIgniter\View\View->CodeIgniter\View\{closure}()
 4 SYSTEMPATH\Common.php(1135): CodeIgniter\View\View->render('pages/databuku', [], true)
 5 APPPATH\Controllers\Homeperpus.php(12): view('pages/databuku', [...])
 6 SYSTEMPATH\CodeIgniter.php(898): App\Controllers\Homeperpus->index()
 7 SYSTEMPATH\CodeIgniter.php(468): CodeIgniter\CodeIgniter->runController(Object(App\Controllers\Homeperpus))
 8 SYSTEMPATH\CodeIgniter.php(351): CodeIgniter\CodeIgniter->handleRequest(null, Object(Config\Cache), false)
 9 FCPATH\index.php(55): CodeIgniter\CodeIgniter->run()
10 SYSTEMPATH\Commands\Server\rewrite.php(43): require_once('FCPATH\\index.php')
CRITICAL - 2022-06-18 02:13:32 --> Undefined variable: buku
in APPPATH\Views\pages\databuku.php on line 17.
 1 APPPATH\Views\pages\databuku.php(17): CodeIgniter\Debug\Exceptions->errorHandler(8, 'Undefined variable: buku', 'APPPATH\\Views\\pages\\databuku.php', 17, [...])
 2 SYSTEMPATH\View\View.php(213): include('APPPATH\\Views\\pages\\databuku.php')
 3 SYSTEMPATH\View\View.php(216): CodeIgniter\View\View->CodeIgniter\View\{closure}()
 4 SYSTEMPATH\Common.php(1135): CodeIgniter\View\View->render('pages/databuku', [], true)
 5 APPPATH\Controllers\Homeperpus.php(12): view('pages/databuku', [...])
 6 SYSTEMPATH\CodeIgniter.php(898): App\Controllers\Homeperpus->index()
 7 SYSTEMPATH\CodeIgniter.php(468): CodeIgniter\CodeIgniter->runController(Object(App\Controllers\Homeperpus))
 8 SYSTEMPATH\CodeIgniter.php(351): CodeIgniter\CodeIgniter->handleRequest(null, Object(Config\Cache), false)
 9 FCPATH\index.php(55): CodeIgniter\CodeIgniter->run()
10 SYSTEMPATH\Commands\Server\rewrite.php(43): require_once('FCPATH\\index.php')
CRITICAL - 2022-06-18 02:13:34 --> Undefined variable: buku
in APPPATH\Views\pages\databuku.php on line 17.
 1 APPPATH\Views\pages\databuku.php(17): CodeIgniter\Debug\Exceptions->errorHandler(8, 'Undefined variable: buku', 'APPPATH\\Views\\pages\\databuku.php', 17, [...])
 2 SYSTEMPATH\View\View.php(213): include('APPPATH\\Views\\pages\\databuku.php')
 3 SYSTEMPATH\View\View.php(216): CodeIgniter\View\View->CodeIgniter\View\{closure}()
 4 SYSTEMPATH\Common.php(1135): CodeIgniter\View\View->render('pages/databuku', [], true)
 5 APPPATH\Controllers\Homeperpus.php(12): view('pages/databuku', [...])
 6 SYSTEMPATH\CodeIgniter.php(898): App\Controllers\Homeperpus->index()
 7 SYSTEMPATH\CodeIgniter.php(468): CodeIgniter\CodeIgniter->runController(Object(App\Controllers\Homeperpus))
 8 SYSTEMPATH\CodeIgniter.php(351): CodeIgniter\CodeIgniter->handleRequest(null, Object(Config\Cache), false)
 9 FCPATH\index.php(55): CodeIgniter\CodeIgniter->run()
10 SYSTEMPATH\Commands\Server\rewrite.php(43): require_once('FCPATH\\index.php')
CRITICAL - 2022-06-18 02:18:39 --> Undefined variable: buku
in APPPATH\Views\pages\databuku.php on line 17.
 1 APPPATH\Views\pages\databuku.php(17): CodeIgniter\Debug\Exceptions->errorHandler(8, 'Undefined variable: buku', 'APPPATH\\Views\\pages\\databuku.php', 17, [...])
 2 SYSTEMPATH\View\View.php(213): include('APPPATH\\Views\\pages\\databuku.php')
 3 SYSTEMPATH\View\View.php(216): CodeIgniter\View\View->CodeIgniter\View\{closure}()
 4 SYSTEMPATH\Common.php(1135): CodeIgniter\View\View->render('pages/databuku', [], true)
 5 APPPATH\Controllers\Homeperpus.php(12): view('pages/databuku', [...])
 6 SYSTEMPATH\CodeIgniter.php(898): App\Controllers\Homeperpus->index()
 7 SYSTEMPATH\CodeIgniter.php(468): CodeIgniter\CodeIgniter->runController(Object(App\Controllers\Homeperpus))
 8 SYSTEMPATH\CodeIgniter.php(351): CodeIgniter\CodeIgniter->handleRequest(null, Object(Config\Cache), false)
 9 FCPATH\index.php(55): CodeIgniter\CodeIgniter->run()
10 SYSTEMPATH\Commands\Server\rewrite.php(43): require_once('FCPATH\\index.php')
CRITICAL - 2022-06-18 02:18:49 --> Undefined variable: buku
in APPPATH\Views\pages\databuku.php on line 17.
 1 APPPATH\Views\pages\databuku.php(17): CodeIgniter\Debug\Exceptions->errorHandler(8, 'Undefined variable: buku', 'APPPATH\\Views\\pages\\databuku.php', 17, [...])
 2 SYSTEMPATH\View\View.php(213): include('APPPATH\\Views\\pages\\databuku.php')
 3 SYSTEMPATH\View\View.php(216): CodeIgniter\View\View->CodeIgniter\View\{closure}()
 4 SYSTEMPATH\Common.php(1135): CodeIgniter\View\View->render('pages/databuku', [], true)
 5 APPPATH\Controllers\Homeperpus.php(12): view('pages/databuku', [...])
 6 SYSTEMPATH\CodeIgniter.php(898): App\Controllers\Homeperpus->index()
 7 SYSTEMPATH\CodeIgniter.php(468): CodeIgniter\CodeIgniter->runController(Object(App\Controllers\Homeperpus))
 8 SYSTEMPATH\CodeIgniter.php(351): CodeIgniter\CodeIgniter->handleRequest(null, Object(Config\Cache), false)
 9 FCPATH\index.php(55): CodeIgniter\CodeIgniter->run()
10 SYSTEMPATH\Commands\Server\rewrite.php(43): require_once('FCPATH\\index.php')
CRITICAL - 2022-06-18 02:22:23 --> Undefined variable: buku
in APPPATH\Controllers\Homeperpus.php on line 11.
 1 APPPATH\Controllers\Homeperpus.php(11): CodeIgniter\Debug\Exceptions->errorHandler(8, 'Undefined variable: buku', 'APPPATH\\Controllers\\Homeperpus.php', 11, [])
 2 SYSTEMPATH\CodeIgniter.php(898): App\Controllers\Homeperpus->index()
 3 SYSTEMPATH\CodeIgniter.php(468): CodeIgniter\CodeIgniter->runController(Object(App\Controllers\Homeperpus))
 4 SYSTEMPATH\CodeIgniter.php(351): CodeIgniter\CodeIgniter->handleRequest(null, Object(Config\Cache), false)
 5 FCPATH\index.php(55): CodeIgniter\CodeIgniter->run()
 6 SYSTEMPATH\Commands\Server\rewrite.php(43): require_once('FCPATH\\index.php')
CRITICAL - 2022-06-18 02:23:32 --> Undefined variable: buku
in APPPATH\Views\pages\databuku.php on line 17.
 1 APPPATH\Views\pages\databuku.php(17): CodeIgniter\Debug\Exceptions->errorHandler(8, 'Undefined variable: buku', 'APPPATH\\Views\\pages\\databuku.php', 17, [...])
 2 SYSTEMPATH\View\View.php(213): include('APPPATH\\Views\\pages\\databuku.php')
 3 SYSTEMPATH\View\View.php(216): CodeIgniter\View\View->CodeIgniter\View\{closure}()
 4 SYSTEMPATH\Common.php(1135): CodeIgniter\View\View->render('pages/databuku', [], true)
 5 APPPATH\Controllers\Homeperpus.php(15): view('pages/databuku', [...])
 6 SYSTEMPATH\CodeIgniter.php(898): App\Controllers\Homeperpus->index()
 7 SYSTEMPATH\CodeIgniter.php(468): CodeIgniter\CodeIgniter->runController(Object(App\Controllers\Homeperpus))
 8 SYSTEMPATH\CodeIgniter.php(351): CodeIgniter\CodeIgniter->handleRequest(null, Object(Config\Cache), false)
 9 FCPATH\index.php(55): CodeIgniter\CodeIgniter->run()
10 SYSTEMPATH\Commands\Server\rewrite.php(43): require_once('FCPATH\\index.php')
CRITICAL - 2022-06-18 02:23:35 --> Undefined variable: buku
in APPPATH\Views\pages\databuku.php on line 17.
 1 APPPATH\Views\pages\databuku.php(17): CodeIgniter\Debug\Exceptions->errorHandler(8, 'Undefined variable: buku', 'APPPATH\\Views\\pages\\databuku.php', 17, [...])
 2 SYSTEMPATH\View\View.php(213): include('APPPATH\\Views\\pages\\databuku.php')
 3 SYSTEMPATH\View\View.php(216): CodeIgniter\View\View->CodeIgniter\View\{closure}()
 4 SYSTEMPATH\Common.php(1135): CodeIgniter\View\View->render('pages/databuku', [], true)
 5 APPPATH\Controllers\Homeperpus.php(15): view('pages/databuku', [...])
 6 SYSTEMPATH\CodeIgniter.php(898): App\Controllers\Homeperpus->index()
 7 SYSTEMPATH\CodeIgniter.php(468): CodeIgniter\CodeIgniter->runController(Object(App\Controllers\Homeperpus))
 8 SYSTEMPATH\CodeIgniter.php(351): CodeIgniter\CodeIgniter->handleRequest(null, Object(Config\Cache), false)
 9 FCPATH\index.php(55): CodeIgniter\CodeIgniter->run()
10 SYSTEMPATH\Commands\Server\rewrite.php(43): require_once('FCPATH\\index.php')
CRITICAL - 2022-06-18 02:27:49 --> Undefined variable: buku
in APPPATH\Views\pages\databuku.php on line 23.
 1 APPPATH\Views\pages\databuku.php(23): CodeIgniter\Debug\Exceptions->errorHandler(8, 'Undefined variable: buku', 'APPPATH\\Views\\pages\\databuku.php', 23, [...])
 2 SYSTEMPATH\View\View.php(213): include('APPPATH\\Views\\pages\\databuku.php')
 3 SYSTEMPATH\View\View.php(216): CodeIgniter\View\View->CodeIgniter\View\{closure}()
 4 SYSTEMPATH\Common.php(1135): CodeIgniter\View\View->render('pages/databuku', [], true)
 5 APPPATH\Controllers\Homeperpus.php(15): view('pages/databuku', [...])
 6 SYSTEMPATH\CodeIgniter.php(898): App\Controllers\Homeperpus->index()
 7 SYSTEMPATH\CodeIgniter.php(468): CodeIgniter\CodeIgniter->runController(Object(App\Controllers\Homeperpus))
 8 SYSTEMPATH\CodeIgniter.php(351): CodeIgniter\CodeIgniter->handleRequest(null, Object(Config\Cache), false)
 9 FCPATH\index.php(55): CodeIgniter\CodeIgniter->run()
10 SYSTEMPATH\Commands\Server\rewrite.php(43): require_once('FCPATH\\index.php')
CRITICAL - 2022-06-18 02:27:51 --> Undefined variable: buku
in APPPATH\Views\pages\databuku.php on line 23.
 1 APPPATH\Views\pages\databuku.php(23): CodeIgniter\Debug\Exceptions->errorHandler(8, 'Undefined variable: buku', 'APPPATH\\Views\\pages\\databuku.php', 23, [...])
 2 SYSTEMPATH\View\View.php(213): include('APPPATH\\Views\\pages\\databuku.php')
 3 SYSTEMPATH\View\View.php(216): CodeIgniter\View\View->CodeIgniter\View\{closure}()
 4 SYSTEMPATH\Common.php(1135): CodeIgniter\View\View->render('pages/databuku', [], true)
 5 APPPATH\Controllers\Homeperpus.php(15): view('pages/databuku', [...])
 6 SYSTEMPATH\CodeIgniter.php(898): App\Controllers\Homeperpus->index()
 7 SYSTEMPATH\CodeIgniter.php(468): CodeIgniter\CodeIgniter->runController(Object(App\Controllers\Homeperpus))
 8 SYSTEMPATH\CodeIgniter.php(351): CodeIgniter\CodeIgniter->handleRequest(null, Object(Config\Cache), false)
 9 FCPATH\index.php(55): CodeIgniter\CodeIgniter->run()
10 SYSTEMPATH\Commands\Server\rewrite.php(43): require_once('FCPATH\\index.php')
CRITICAL - 2022-06-18 02:32:42 --> Undefined variable: buku
in APPPATH\Views\pages\databuku.php on line 23.
 1 APPPATH\Views\pages\databuku.php(23): CodeIgniter\Debug\Exceptions->errorHandler(8, 'Undefined variable: buku', 'APPPATH\\Views\\pages\\databuku.php', 23, [...])
 2 SYSTEMPATH\View\View.php(213): include('APPPATH\\Views\\pages\\databuku.php')
 3 SYSTEMPATH\View\View.php(216): CodeIgniter\View\View->CodeIgniter\View\{closure}()
 4 SYSTEMPATH\Common.php(1135): CodeIgniter\View\View->render('pages/databuku', [], true)
 5 APPPATH\Controllers\Buku.php(15): view('pages/databuku', [...])
 6 SYSTEMPATH\CodeIgniter.php(898): App\Controllers\Buku->index()
 7 SYSTEMPATH\CodeIgniter.php(468): CodeIgniter\CodeIgniter->runController(Object(App\Controllers\Buku))
 8 SYSTEMPATH\CodeIgniter.php(351): CodeIgniter\CodeIgniter->handleRequest(null, Object(Config\Cache), false)
 9 FCPATH\index.php(55): CodeIgniter\CodeIgniter->run()
10 SYSTEMPATH\Commands\Server\rewrite.php(43): require_once('FCPATH\\index.php')
CRITICAL - 2022-06-18 02:46:59 --> Undefined variable: validation
in APPPATH\Views\pages\buku.php on line 26.
 1 APPPATH\Views\pages\buku.php(26): CodeIgniter\Debug\Exceptions->errorHandler(8, 'Undefined variable: validation', 'APPPATH\\Views\\pages\\buku.php', 26, [...])
 2 SYSTEMPATH\View\View.php(213): include('APPPATH\\Views\\pages\\buku.php')
 3 SYSTEMPATH\View\View.php(216): CodeIgniter\View\View->CodeIgniter\View\{closure}()
 4 SYSTEMPATH\Common.php(1135): CodeIgniter\View\View->render('pages/buku', [], true)
 5 APPPATH\Controllers\Buku.php(25): view('pages/buku', [...])
 6 SYSTEMPATH\CodeIgniter.php(898): App\Controllers\Buku->buku()
 7 SYSTEMPATH\CodeIgniter.php(468): CodeIgniter\CodeIgniter->runController(Object(App\Controllers\Buku))
 8 SYSTEMPATH\CodeIgniter.php(351): CodeIgniter\CodeIgniter->handleRequest(null, Object(Config\Cache), false)
 9 FCPATH\index.php(55): CodeIgniter\CodeIgniter->run()
10 SYSTEMPATH\Commands\Server\rewrite.php(43): require_once('FCPATH\\index.php')
CRITICAL - 2022-06-18 02:47:22 --> Undefined variable: validation
in APPPATH\Views\pages\buku.php on line 26.
 1 APPPATH\Views\pages\buku.php(26): CodeIgniter\Debug\Exceptions->errorHandler(8, 'Undefined variable: validation', 'APPPATH\\Views\\pages\\buku.php', 26, [...])
 2 SYSTEMPATH\View\View.php(213): include('APPPATH\\Views\\pages\\buku.php')
 3 SYSTEMPATH\View\View.php(216): CodeIgniter\View\View->CodeIgniter\View\{closure}()
 4 SYSTEMPATH\Common.php(1135): CodeIgniter\View\View->render('pages/buku', [], true)
 5 APPPATH\Controllers\Buku.php(25): view('pages/buku', [...])
 6 SYSTEMPATH\CodeIgniter.php(898): App\Controllers\Buku->buku()
 7 SYSTEMPATH\CodeIgniter.php(468): CodeIgniter\CodeIgniter->runController(Object(App\Controllers\Buku))
 8 SYSTEMPATH\CodeIgniter.php(351): CodeIgniter\CodeIgniter->handleRequest(null, Object(Config\Cache), false)
 9 FCPATH\index.php(55): CodeIgniter\CodeIgniter->run()
10 SYSTEMPATH\Commands\Server\rewrite.php(43): require_once('FCPATH\\index.php')
CRITICAL - 2022-06-18 02:47:23 --> Undefined variable: validation
in APPPATH\Views\pages\buku.php on line 26.
 1 APPPATH\Views\pages\buku.php(26): CodeIgniter\Debug\Exceptions->errorHandler(8, 'Undefined variable: validation', 'APPPATH\\Views\\pages\\buku.php', 26, [...])
 2 SYSTEMPATH\View\View.php(213): include('APPPATH\\Views\\pages\\buku.php')
 3 SYSTEMPATH\View\View.php(216): CodeIgniter\View\View->CodeIgniter\View\{closure}()
 4 SYSTEMPATH\Common.php(1135): CodeIgniter\View\View->render('pages/buku', [], true)
 5 APPPATH\Controllers\Buku.php(25): view('pages/buku', [...])
 6 SYSTEMPATH\CodeIgniter.php(898): App\Controllers\Buku->buku()
 7 SYSTEMPATH\CodeIgniter.php(468): CodeIgniter\CodeIgniter->runController(Object(App\Controllers\Buku))
 8 SYSTEMPATH\CodeIgniter.php(351): CodeIgniter\CodeIgniter->handleRequest(null, Object(Config\Cache), false)
 9 FCPATH\index.php(55): CodeIgniter\CodeIgniter->run()
10 SYSTEMPATH\Commands\Server\rewrite.php(43): require_once('FCPATH\\index.php')
CRITICAL - 2022-06-18 02:47:24 --> Undefined variable: validation
in APPPATH\Views\pages\buku.php on line 26.
 1 APPPATH\Views\pages\buku.php(26): CodeIgniter\Debug\Exceptions->errorHandler(8, 'Undefined variable: validation', 'APPPATH\\Views\\pages\\buku.php', 26, [...])
 2 SYSTEMPATH\View\View.php(213): include('APPPATH\\Views\\pages\\buku.php')
 3 SYSTEMPATH\View\View.php(216): CodeIgniter\View\View->CodeIgniter\View\{closure}()
 4 SYSTEMPATH\Common.php(1135): CodeIgniter\View\View->render('pages/buku', [], true)
 5 APPPATH\Controllers\Buku.php(25): view('pages/buku', [...])
 6 SYSTEMPATH\CodeIgniter.php(898): App\Controllers\Buku->buku()
 7 SYSTEMPATH\CodeIgniter.php(468): CodeIgniter\CodeIgniter->runController(Object(App\Controllers\Buku))
 8 SYSTEMPATH\CodeIgniter.php(351): CodeIgniter\CodeIgniter->handleRequest(null, Object(Config\Cache), false)
 9 FCPATH\index.php(55): CodeIgniter\CodeIgniter->run()
10 SYSTEMPATH\Commands\Server\rewrite.php(43): require_once('FCPATH\\index.php')
CRITICAL - 2022-06-18 02:47:25 --> Undefined variable: validation
in APPPATH\Views\pages\buku.php on line 26.
 1 APPPATH\Views\pages\buku.php(26): CodeIgniter\Debug\Exceptions->errorHandler(8, 'Undefined variable: validation', 'APPPATH\\Views\\pages\\buku.php', 26, [...])
 2 SYSTEMPATH\View\View.php(213): include('APPPATH\\Views\\pages\\buku.php')
 3 SYSTEMPATH\View\View.php(216): CodeIgniter\View\View->CodeIgniter\View\{closure}()
 4 SYSTEMPATH\Common.php(1135): CodeIgniter\View\View->render('pages/buku', [], true)
 5 APPPATH\Controllers\Buku.php(25): view('pages/buku', [...])
 6 SYSTEMPATH\CodeIgniter.php(898): App\Controllers\Buku->buku()
 7 SYSTEMPATH\CodeIgniter.php(468): CodeIgniter\CodeIgniter->runController(Object(App\Controllers\Buku))
 8 SYSTEMPATH\CodeIgniter.php(351): CodeIgniter\CodeIgniter->handleRequest(null, Object(Config\Cache), false)
 9 FCPATH\index.php(55): CodeIgniter\CodeIgniter->run()
10 SYSTEMPATH\Commands\Server\rewrite.php(43): require_once('FCPATH\\index.php')
CRITICAL - 2022-06-18 02:47:25 --> Undefined variable: validation
in APPPATH\Views\pages\buku.php on line 26.
 1 APPPATH\Views\pages\buku.php(26): CodeIgniter\Debug\Exceptions->errorHandler(8, 'Undefined variable: validation', 'APPPATH\\Views\\pages\\buku.php', 26, [...])
 2 SYSTEMPATH\View\View.php(213): include('APPPATH\\Views\\pages\\buku.php')
 3 SYSTEMPATH\View\View.php(216): CodeIgniter\View\View->CodeIgniter\View\{closure}()
 4 SYSTEMPATH\Common.php(1135): CodeIgniter\View\View->render('pages/buku', [], true)
 5 APPPATH\Controllers\Buku.php(25): view('pages/buku', [...])
 6 SYSTEMPATH\CodeIgniter.php(898): App\Controllers\Buku->buku()
 7 SYSTEMPATH\CodeIgniter.php(468): CodeIgniter\CodeIgniter->runController(Object(App\Controllers\Buku))
 8 SYSTEMPATH\CodeIgniter.php(351): CodeIgniter\CodeIgniter->handleRequest(null, Object(Config\Cache), false)
 9 FCPATH\index.php(55): CodeIgniter\CodeIgniter->run()
10 SYSTEMPATH\Commands\Server\rewrite.php(43): require_once('FCPATH\\index.php')
CRITICAL - 2022-06-18 02:47:30 --> Undefined variable: validation
in APPPATH\Views\pages\buku.php on line 26.
 1 APPPATH\Views\pages\buku.php(26): CodeIgniter\Debug\Exceptions->errorHandler(8, 'Undefined variable: validation', 'APPPATH\\Views\\pages\\buku.php', 26, [...])
 2 SYSTEMPATH\View\View.php(213): include('APPPATH\\Views\\pages\\buku.php')
 3 SYSTEMPATH\View\View.php(216): CodeIgniter\View\View->CodeIgniter\View\{closure}()
 4 SYSTEMPATH\Common.php(1135): CodeIgniter\View\View->render('pages/buku', [], true)
 5 APPPATH\Controllers\Buku.php(25): view('pages/buku', [...])
 6 SYSTEMPATH\CodeIgniter.php(898): App\Controllers\Buku->buku()
 7 SYSTEMPATH\CodeIgniter.php(468): CodeIgniter\CodeIgniter->runController(Object(App\Controllers\Buku))
 8 SYSTEMPATH\CodeIgniter.php(351): CodeIgniter\CodeIgniter->handleRequest(null, Object(Config\Cache), false)
 9 FCPATH\index.php(55): CodeIgniter\CodeIgniter->run()
10 SYSTEMPATH\Commands\Server\rewrite.php(43): require_once('FCPATH\\index.php')
CRITICAL - 2022-06-18 02:47:31 --> Undefined variable: validation
in APPPATH\Views\pages\buku.php on line 26.
 1 APPPATH\Views\pages\buku.php(26): CodeIgniter\Debug\Exceptions->errorHandler(8, 'Undefined variable: validation', 'APPPATH\\Views\\pages\\buku.php', 26, [...])
 2 SYSTEMPATH\View\View.php(213): include('APPPATH\\Views\\pages\\buku.php')
 3 SYSTEMPATH\View\View.php(216): CodeIgniter\View\View->CodeIgniter\View\{closure}()
 4 SYSTEMPATH\Common.php(1135): CodeIgniter\View\View->render('pages/buku', [], true)
 5 APPPATH\Controllers\Buku.php(25): view('pages/buku', [...])
 6 SYSTEMPATH\CodeIgniter.php(898): App\Controllers\Buku->buku()
 7 SYSTEMPATH\CodeIgniter.php(468): CodeIgniter\CodeIgniter->runController(Object(App\Controllers\Buku))
 8 SYSTEMPATH\CodeIgniter.php(351): CodeIgniter\CodeIgniter->handleRequest(null, Object(Config\Cache), false)
 9 FCPATH\index.php(55): CodeIgniter\CodeIgniter->run()
10 SYSTEMPATH\Commands\Server\rewrite.php(43): require_once('FCPATH\\index.php')
CRITICAL - 2022-06-18 02:47:37 --> Undefined variable: validation
in APPPATH\Views\pages\buku.php on line 26.
 1 APPPATH\Views\pages\buku.php(26): CodeIgniter\Debug\Exceptions->errorHandler(8, 'Undefined variable: validation', 'APPPATH\\Views\\pages\\buku.php', 26, [...])
 2 SYSTEMPATH\View\View.php(213): include('APPPATH\\Views\\pages\\buku.php')
 3 SYSTEMPATH\View\View.php(216): CodeIgniter\View\View->CodeIgniter\View\{closure}()
 4 SYSTEMPATH\Common.php(1135): CodeIgniter\View\View->render('pages/buku', [], true)
 5 APPPATH\Controllers\Buku.php(25): view('pages/buku', [...])
 6 SYSTEMPATH\CodeIgniter.php(898): App\Controllers\Buku->buku()
 7 SYSTEMPATH\CodeIgniter.php(468): CodeIgniter\CodeIgniter->runController(Object(App\Controllers\Buku))
 8 SYSTEMPATH\CodeIgniter.php(351): CodeIgniter\CodeIgniter->handleRequest(null, Object(Config\Cache), false)
 9 FCPATH\index.php(55): CodeIgniter\CodeIgniter->run()
10 SYSTEMPATH\Commands\Server\rewrite.php(43): require_once('FCPATH\\index.php')
CRITICAL - 2022-06-18 02:47:54 --> Undefined variable: validation
in APPPATH\Views\pages\buku.php on line 28.
 1 APPPATH\Views\pages\buku.php(28): CodeIgniter\Debug\Exceptions->errorHandler(8, 'Undefined variable: validation', 'APPPATH\\Views\\pages\\buku.php', 28, [...])
 2 SYSTEMPATH\View\View.php(213): include('APPPATH\\Views\\pages\\buku.php')
 3 SYSTEMPATH\View\View.php(216): CodeIgniter\View\View->CodeIgniter\View\{closure}()
 4 SYSTEMPATH\Common.php(1135): CodeIgniter\View\View->render('pages/buku', [], true)
 5 APPPATH\Controllers\Buku.php(25): view('pages/buku', [...])
 6 SYSTEMPATH\CodeIgniter.php(898): App\Controllers\Buku->buku()
 7 SYSTEMPATH\CodeIgniter.php(468): CodeIgniter\CodeIgniter->runController(Object(App\Controllers\Buku))
 8 SYSTEMPATH\CodeIgniter.php(351): CodeIgniter\CodeIgniter->handleRequest(null, Object(Config\Cache), false)
 9 FCPATH\index.php(55): CodeIgniter\CodeIgniter->run()
10 SYSTEMPATH\Commands\Server\rewrite.php(43): require_once('FCPATH\\index.php')
ERROR - 2022-06-18 08:22:30 --> Error connecting to the database: No connection could be made because the target machine actively refused it.

CRITICAL - 2022-06-18 08:22:30 --> Unable to connect to the database.
Main connection [MySQLi]: No connection could be made because the target machine actively refused it.

in SYSTEMPATH\Database\BaseConnection.php on line 415.
 1 SYSTEMPATH\Database\BaseConnection.php(585): CodeIgniter\Database\BaseConnection->initialize()
 2 SYSTEMPATH\Database\BaseBuilder.php(1585): CodeIgniter\Database\BaseConnection->query('SELECT *
FROM `buku`', [], false)
 3 SYSTEMPATH\Model.php(222): CodeIgniter\Database\BaseBuilder->get()
 4 SYSTEMPATH\BaseModel.php(584): CodeIgniter\Model->doFindAll(0, 0)
 5 APPPATH\Controllers\Buku.php(10): CodeIgniter\BaseModel->findAll()
 6 SYSTEMPATH\CodeIgniter.php(898): App\Controllers\Buku->index()
 7 SYSTEMPATH\CodeIgniter.php(468): CodeIgniter\CodeIgniter->runController(Object(App\Controllers\Buku))
 8 SYSTEMPATH\CodeIgniter.php(351): CodeIgniter\CodeIgniter->handleRequest(null, Object(Config\Cache), false)
 9 FCPATH\index.php(55): CodeIgniter\CodeIgniter->run()
10 SYSTEMPATH\Commands\Server\rewrite.php(43): require_once('FCPATH\\index.php')
ERROR - 2022-06-18 08:38:12 --> Column 'jenis_kelamin' cannot be null
CRITICAL - 2022-06-18 08:38:12 --> Column 'jenis_kelamin' cannot be null
in SYSTEMPATH\Database\MySQLi\Connection.php on line 292.
 1 SYSTEMPATH\Database\MySQLi\Connection.php(292): mysqli->query('INSERT INTO `anggota` (`id_anggota`, `nama_anggota`, `jenis_kelamin`, `alamat`, `nomor`) VALUES (\'A003\', \'ari\', NULL, \'fssgg\', \'1234455\')', 0)
 2 SYSTEMPATH\Database\BaseConnection.php(678): CodeIgniter\Database\MySQLi\Connection->execute('INSERT INTO `anggota` (`id_anggota`, `nama_anggota`, `jenis_kelamin`, `alamat`, `nomor`) VALUES (\'A003\', \'ari\', NULL, \'fssgg\', \'1234455\')')
 3 SYSTEMPATH\Database\BaseConnection.php(606): CodeIgniter\Database\BaseConnection->simpleQuery('INSERT INTO `anggota` (`id_anggota`, `nama_anggota`, `jenis_kelamin`, `alamat`, `nomor`) VALUES (\'A003\', \'ari\', NULL, \'fssgg\', \'1234455\')')
 4 SYSTEMPATH\Database\BaseBuilder.php(1904): CodeIgniter\Database\BaseConnection->query('INSERT INTO `anggota` (`id_anggota`, `nama_anggota`, `jenis_kelamin`, `alamat`, `nomor`) VALUES (:id_anggota:, :nama_anggota:, :jenis_kelamin:, :alamat:, :nomor:)', [...], false)
 5 SYSTEMPATH\Model.php(278): CodeIgniter\Database\BaseBuilder->insert()
 6 SYSTEMPATH\BaseModel.php(738): CodeIgniter\Model->doInsert([...])
 7 SYSTEMPATH\Model.php(666): CodeIgniter\BaseModel->insert([...], true)
 8 APPPATH\Controllers\Anggota.php(37): CodeIgniter\Model->insert([...])
 9 SYSTEMPATH\CodeIgniter.php(898): App\Controllers\Anggota->simpananggota()
10 SYSTEMPATH\CodeIgniter.php(468): CodeIgniter\CodeIgniter->runController(Object(App\Controllers\Anggota))
11 SYSTEMPATH\CodeIgniter.php(351): CodeIgniter\CodeIgniter->handleRequest(null, Object(Config\Cache), false)
12 FCPATH\index.php(55): CodeIgniter\CodeIgniter->run()
13 SYSTEMPATH\Commands\Server\rewrite.php(43): require_once('FCPATH\\index.php')
ERROR - 2022-06-18 08:41:13 --> Column 'jenis_kelamin' cannot be null
CRITICAL - 2022-06-18 08:41:13 --> Column 'jenis_kelamin' cannot be null
in SYSTEMPATH\Database\MySQLi\Connection.php on line 292.
 1 SYSTEMPATH\Database\MySQLi\Connection.php(292): mysqli->query('INSERT INTO `anggota` (`id_anggota`, `nama_anggota`, `jenis_kelamin`, `alamat`, `nomor`) VALUES (\'A003\', \'ari\', NULL, \'fssgg\', \'1234455\')', 0)
 2 SYSTEMPATH\Database\BaseConnection.php(678): CodeIgniter\Database\MySQLi\Connection->execute('INSERT INTO `anggota` (`id_anggota`, `nama_anggota`, `jenis_kelamin`, `alamat`, `nomor`) VALUES (\'A003\', \'ari\', NULL, \'fssgg\', \'1234455\')')
 3 SYSTEMPATH\Database\BaseConnection.php(606): CodeIgniter\Database\BaseConnection->simpleQuery('INSERT INTO `anggota` (`id_anggota`, `nama_anggota`, `jenis_kelamin`, `alamat`, `nomor`) VALUES (\'A003\', \'ari\', NULL, \'fssgg\', \'1234455\')')
 4 SYSTEMPATH\Database\BaseBuilder.php(1904): CodeIgniter\Database\BaseConnection->query('INSERT INTO `anggota` (`id_anggota`, `nama_anggota`, `jenis_kelamin`, `alamat`, `nomor`) VALUES (:id_anggota:, :nama_anggota:, :jenis_kelamin:, :alamat:, :nomor:)', [...], false)
 5 SYSTEMPATH\Model.php(278): CodeIgniter\Database\BaseBuilder->insert()
 6 SYSTEMPATH\BaseModel.php(738): CodeIgniter\Model->doInsert([...])
 7 SYSTEMPATH\Model.php(666): CodeIgniter\BaseModel->insert([...], true)
 8 APPPATH\Controllers\Anggota.php(37): CodeIgniter\Model->insert([...])
 9 SYSTEMPATH\CodeIgniter.php(898): App\Controllers\Anggota->simpananggota()
10 SYSTEMPATH\CodeIgniter.php(468): CodeIgniter\CodeIgniter->runController(Object(App\Controllers\Anggota))
11 SYSTEMPATH\CodeIgniter.php(351): CodeIgniter\CodeIgniter->handleRequest(null, Object(Config\Cache), false)
12 FCPATH\index.php(55): CodeIgniter\CodeIgniter->run()
13 SYSTEMPATH\Commands\Server\rewrite.php(43): require_once('FCPATH\\index.php')
CRITICAL - 2022-06-18 08:59:13 --> Invalid file: pages/dataanggota.php
in SYSTEMPATH\Exceptions\FrameworkException.php on line 33.
 1 SYSTEMPATH\View\View.php(201): CodeIgniter\Exceptions\FrameworkException::forInvalidFile('pages/dataanggota.php')
 2 SYSTEMPATH\Common.php(1135): CodeIgniter\View\View->render('pages/dataanggota', [], true)
 3 APPPATH\Controllers\Anggota.php(15): view('pages/dataanggota', [...])
 4 SYSTEMPATH\CodeIgniter.php(898): App\Controllers\Anggota->index()
 5 SYSTEMPATH\CodeIgniter.php(468): CodeIgniter\CodeIgniter->runController(Object(App\Controllers\Anggota))
 6 SYSTEMPATH\CodeIgniter.php(351): CodeIgniter\CodeIgniter->handleRequest(null, Object(Config\Cache), false)
 7 FCPATH\index.php(55): CodeIgniter\CodeIgniter->run()
 8 SYSTEMPATH\Commands\Server\rewrite.php(43): require_once('FCPATH\\index.php')
CRITICAL - 2022-06-18 09:04:08 --> Invalid file: pages/dataanggota.php
in SYSTEMPATH\Exceptions\FrameworkException.php on line 33.
 1 SYSTEMPATH\View\View.php(201): CodeIgniter\Exceptions\FrameworkException::forInvalidFile('pages/dataanggota.php')
 2 SYSTEMPATH\Common.php(1135): CodeIgniter\View\View->render('pages/dataanggota', [], true)
 3 APPPATH\Controllers\Anggota.php(15): view('pages/dataanggota', [...])
 4 SYSTEMPATH\CodeIgniter.php(898): App\Controllers\Anggota->index()
 5 SYSTEMPATH\CodeIgniter.php(468): CodeIgniter\CodeIgniter->runController(Object(App\Controllers\Anggota))
 6 SYSTEMPATH\CodeIgniter.php(351): CodeIgniter\CodeIgniter->handleRequest(null, Object(Config\Cache), false)
 7 FCPATH\index.php(55): CodeIgniter\CodeIgniter->run()
 8 SYSTEMPATH\Commands\Server\rewrite.php(43): require_once('FCPATH\\index.php')
CRITICAL - 2022-06-18 09:05:05 --> Undefined variable: anggota
in APPPATH\Views\pages\dataanggota.php on line 23.
 1 APPPATH\Views\pages\dataanggota.php(23): CodeIgniter\Debug\Exceptions->errorHandler(8, 'Undefined variable: anggota', 'APPPATH\\Views\\pages\\dataanggota.php', 23, [...])
 2 SYSTEMPATH\View\View.php(213): include('APPPATH\\Views\\pages\\dataanggota.php')
 3 SYSTEMPATH\View\View.php(216): CodeIgniter\View\View->CodeIgniter\View\{closure}()
 4 SYSTEMPATH\Common.php(1135): CodeIgniter\View\View->render('pages/dataanggota', [], true)
 5 APPPATH\Controllers\Anggota.php(15): view('pages/dataanggota', [...])
 6 SYSTEMPATH\CodeIgniter.php(898): App\Controllers\Anggota->index()
 7 SYSTEMPATH\CodeIgniter.php(468): CodeIgniter\CodeIgniter->runController(Object(App\Controllers\Anggota))
 8 SYSTEMPATH\CodeIgniter.php(351): CodeIgniter\CodeIgniter->handleRequest(null, Object(Config\Cache), false)
 9 FCPATH\index.php(55): CodeIgniter\CodeIgniter->run()
10 SYSTEMPATH\Commands\Server\rewrite.php(43): require_once('FCPATH\\index.php')
