CRITICAL - 2022-06-08 04:14:02 --> Allowed fields must be specified for model: App\Models\BukuModel
in SYSTEMPATH\BaseModel.php on line 1138.
 1 SYSTEMPATH\BaseModel.php(1138): CodeIgniter\Database\Exceptions\DataException::forInvalidAllowedFields('App\\Models\\BukuModel')
 2 SYSTEMPATH\BaseModel.php(713): CodeIgniter\BaseModel->doProtectFields([...])
 3 SYSTEMPATH\Model.php(666): CodeIgniter\BaseModel->insert([...], true)
 4 APPPATH\Controllers\Homeperpus.php(53): CodeIgniter\Model->insert([...])
 5 SYSTEMPATH\CodeIgniter.php(898): App\Controllers\Homeperpus->simpanbuku()
 6 SYSTEMPATH\CodeIgniter.php(468): CodeIgniter\CodeIgniter->runController(Object(App\Controllers\Homeperpus))
 7 SYSTEMPATH\CodeIgniter.php(351): CodeIgniter\CodeIgniter->handleRequest(null, Object(Config\Cache), false)
 8 FCPATH\index.php(55): CodeIgniter\CodeIgniter->run()
 9 SYSTEMPATH\Commands\Server\rewrite.php(43): require_once('FCPATH\\index.php')
CRITICAL - 2022-06-08 04:14:16 --> Allowed fields must be specified for model: App\Models\BukuModel
in SYSTEMPATH\BaseModel.php on line 1138.
 1 SYSTEMPATH\BaseModel.php(1138): CodeIgniter\Database\Exceptions\DataException::forInvalidAllowedFields('App\\Models\\BukuModel')
 2 SYSTEMPATH\BaseModel.php(713): CodeIgniter\BaseModel->doProtectFields([...])
 3 SYSTEMPATH\Model.php(666): CodeIgniter\BaseModel->insert([...], true)
 4 APPPATH\Controllers\Homeperpus.php(53): CodeIgniter\Model->insert([...])
 5 SYSTEMPATH\CodeIgniter.php(898): App\Controllers\Homeperpus->simpanbuku()
 6 SYSTEMPATH\CodeIgniter.php(468): CodeIgniter\CodeIgniter->runController(Object(App\Controllers\Homeperpus))
 7 SYSTEMPATH\CodeIgniter.php(351): CodeIgniter\CodeIgniter->handleRequest(null, Object(Config\Cache), false)
 8 FCPATH\index.php(55): CodeIgniter\CodeIgniter->run()
 9 SYSTEMPATH\Commands\Server\rewrite.php(43): require_once('FCPATH\\index.php')
ERROR - 2022-06-08 04:17:44 --> Column 'kode_buku' cannot be null
CRITICAL - 2022-06-08 04:17:45 --> Column 'kode_buku' cannot be null
in SYSTEMPATH\Database\MySQLi\Connection.php on line 292.
 1 SYSTEMPATH\Database\MySQLi\Connection.php(292): mysqli->query('INSERT INTO `buku` (`kode_buku`, `judul`, `tahun`, `pengarang`, `jumlah`) VALUES (NULL, \'AHAHAA\', \'2020\', \'Arum\', \'10\')', 0)
 2 SYSTEMPATH\Database\BaseConnection.php(678): CodeIgniter\Database\MySQLi\Connection->execute('INSERT INTO `buku` (`kode_buku`, `judul`, `tahun`, `pengarang`, `jumlah`) VALUES (NULL, \'AHAHAA\', \'2020\', \'Arum\', \'10\')')
 3 SYSTEMPATH\Database\BaseConnection.php(606): CodeIgniter\Database\BaseConnection->simpleQuery('INSERT INTO `buku` (`kode_buku`, `judul`, `tahun`, `pengarang`, `jumlah`) VALUES (NULL, \'AHAHAA\', \'2020\', \'Arum\', \'10\')')
 4 SYSTEMPATH\Database\BaseBuilder.php(1904): CodeIgniter\Database\BaseConnection->query('INSERT INTO `buku` (`kode_buku`, `judul`, `tahun`, `pengarang`, `jumlah`) VALUES (:kode_buku:, :judul:, :tahun:, :pengarang:, :jumlah:)', [...], false)
 5 SYSTEMPATH\Model.php(278): CodeIgniter\Database\BaseBuilder->insert()
 6 SYSTEMPATH\BaseModel.php(738): CodeIgniter\Model->doInsert([...])
 7 SYSTEMPATH\Model.php(666): CodeIgniter\BaseModel->insert([...], true)
 8 APPPATH\Controllers\Homeperpus.php(53): CodeIgniter\Model->insert([...])
 9 SYSTEMPATH\CodeIgniter.php(898): App\Controllers\Homeperpus->simpanbuku()
10 SYSTEMPATH\CodeIgniter.php(468): CodeIgniter\CodeIgniter->runController(Object(App\Controllers\Homeperpus))
11 SYSTEMPATH\CodeIgniter.php(351): CodeIgniter\CodeIgniter->handleRequest(null, Object(Config\Cache), false)
12 FCPATH\index.php(55): CodeIgniter\CodeIgniter->run()
13 SYSTEMPATH\Commands\Server\rewrite.php(43): require_once('FCPATH\\index.php')
ERROR - 2022-06-08 04:18:43 --> Column 'kode_buku' cannot be null
CRITICAL - 2022-06-08 04:18:43 --> Column 'kode_buku' cannot be null
in SYSTEMPATH\Database\MySQLi\Connection.php on line 292.
 1 SYSTEMPATH\Database\MySQLi\Connection.php(292): mysqli->query('INSERT INTO `buku` (`kode_buku`, `judul`, `tahun`, `pengarang`, `jumlah`) VALUES (NULL, \'AHAHAA\', \'2020\', \'Arum\', \'10\')', 0)
 2 SYSTEMPATH\Database\BaseConnection.php(678): CodeIgniter\Database\MySQLi\Connection->execute('INSERT INTO `buku` (`kode_buku`, `judul`, `tahun`, `pengarang`, `jumlah`) VALUES (NULL, \'AHAHAA\', \'2020\', \'Arum\', \'10\')')
 3 SYSTEMPATH\Database\BaseConnection.php(606): CodeIgniter\Database\BaseConnection->simpleQuery('INSERT INTO `buku` (`kode_buku`, `judul`, `tahun`, `pengarang`, `jumlah`) VALUES (NULL, \'AHAHAA\', \'2020\', \'Arum\', \'10\')')
 4 SYSTEMPATH\Database\BaseBuilder.php(1904): CodeIgniter\Database\BaseConnection->query('INSERT INTO `buku` (`kode_buku`, `judul`, `tahun`, `pengarang`, `jumlah`) VALUES (:kode_buku:, :judul:, :tahun:, :pengarang:, :jumlah:)', [...], false)
 5 SYSTEMPATH\Model.php(278): CodeIgniter\Database\BaseBuilder->insert()
 6 SYSTEMPATH\BaseModel.php(738): CodeIgniter\Model->doInsert([...])
 7 SYSTEMPATH\Model.php(666): CodeIgniter\BaseModel->insert([...], true)
 8 APPPATH\Controllers\Homeperpus.php(53): CodeIgniter\Model->insert([...])
 9 SYSTEMPATH\CodeIgniter.php(898): App\Controllers\Homeperpus->simpanbuku()
10 SYSTEMPATH\CodeIgniter.php(468): CodeIgniter\CodeIgniter->runController(Object(App\Controllers\Homeperpus))
11 SYSTEMPATH\CodeIgniter.php(351): CodeIgniter\CodeIgniter->handleRequest(null, Object(Config\Cache), false)
12 FCPATH\index.php(55): CodeIgniter\CodeIgniter->run()
13 SYSTEMPATH\Commands\Server\rewrite.php(43): require_once('FCPATH\\index.php')
ERROR - 2022-06-08 04:20:01 --> Duplicate entry 'A001' for key 'PRIMARY'
CRITICAL - 2022-06-08 04:20:01 --> Duplicate entry 'A001' for key 'PRIMARY'
in SYSTEMPATH\Database\MySQLi\Connection.php on line 292.
 1 SYSTEMPATH\Database\MySQLi\Connection.php(292): mysqli->query('INSERT INTO `buku` (`kode_buku`, `judul`, `tahun`, `pengarang`, `jumlah`) VALUES (\'A001\', \'AHAHAA\', \'2020\', \'Arum\', \'10\')', 0)
 2 SYSTEMPATH\Database\BaseConnection.php(678): CodeIgniter\Database\MySQLi\Connection->execute('INSERT INTO `buku` (`kode_buku`, `judul`, `tahun`, `pengarang`, `jumlah`) VALUES (\'A001\', \'AHAHAA\', \'2020\', \'Arum\', \'10\')')
 3 SYSTEMPATH\Database\BaseConnection.php(606): CodeIgniter\Database\BaseConnection->simpleQuery('INSERT INTO `buku` (`kode_buku`, `judul`, `tahun`, `pengarang`, `jumlah`) VALUES (\'A001\', \'AHAHAA\', \'2020\', \'Arum\', \'10\')')
 4 SYSTEMPATH\Database\BaseBuilder.php(1904): CodeIgniter\Database\BaseConnection->query('INSERT INTO `buku` (`kode_buku`, `judul`, `tahun`, `pengarang`, `jumlah`) VALUES (:kode_buku:, :judul:, :tahun:, :pengarang:, :jumlah:)', [...], false)
 5 SYSTEMPATH\Model.php(278): CodeIgniter\Database\BaseBuilder->insert()
 6 SYSTEMPATH\BaseModel.php(738): CodeIgniter\Model->doInsert([...])
 7 SYSTEMPATH\Model.php(666): CodeIgniter\BaseModel->insert([...], true)
 8 APPPATH\Controllers\Homeperpus.php(53): CodeIgniter\Model->insert([...])
 9 SYSTEMPATH\CodeIgniter.php(898): App\Controllers\Homeperpus->simpanbuku()
10 SYSTEMPATH\CodeIgniter.php(468): CodeIgniter\CodeIgniter->runController(Object(App\Controllers\Homeperpus))
11 SYSTEMPATH\CodeIgniter.php(351): CodeIgniter\CodeIgniter->handleRequest(null, Object(Config\Cache), false)
12 FCPATH\index.php(55): CodeIgniter\CodeIgniter->run()
13 SYSTEMPATH\Commands\Server\rewrite.php(43): require_once('FCPATH\\index.php')
ERROR - 2022-06-08 06:52:47 --> Column 'kode_buku' cannot be null
CRITICAL - 2022-06-08 06:52:47 --> Column 'kode_buku' cannot be null
in SYSTEMPATH\Database\MySQLi\Connection.php on line 292.
 1 SYSTEMPATH\Database\MySQLi\Connection.php(292): mysqli->query('INSERT INTO `buku` (`kode_buku`, `judul`, `tahun`, `pengarang`, `jumlah`) VALUES (NULL, NULL, NULL, NULL, NULL)', 0)
 2 SYSTEMPATH\Database\BaseConnection.php(678): CodeIgniter\Database\MySQLi\Connection->execute('INSERT INTO `buku` (`kode_buku`, `judul`, `tahun`, `pengarang`, `jumlah`) VALUES (NULL, NULL, NULL, NULL, NULL)')
 3 SYSTEMPATH\Database\BaseConnection.php(606): CodeIgniter\Database\BaseConnection->simpleQuery('INSERT INTO `buku` (`kode_buku`, `judul`, `tahun`, `pengarang`, `jumlah`) VALUES (NULL, NULL, NULL, NULL, NULL)')
 4 SYSTEMPATH\Database\BaseBuilder.php(1904): CodeIgniter\Database\BaseConnection->query('INSERT INTO `buku` (`kode_buku`, `judul`, `tahun`, `pengarang`, `jumlah`) VALUES (:kode_buku:, :judul:, :tahun:, :pengarang:, :jumlah:)', [...], false)
 5 SYSTEMPATH\Model.php(278): CodeIgniter\Database\BaseBuilder->insert()
 6 SYSTEMPATH\BaseModel.php(738): CodeIgniter\Model->doInsert([...])
 7 SYSTEMPATH\Model.php(666): CodeIgniter\BaseModel->insert([...], true)
 8 APPPATH\Controllers\Homeperpus.php(65): CodeIgniter\Model->insert([...])
 9 SYSTEMPATH\CodeIgniter.php(898): App\Controllers\Homeperpus->simpanbuku()
10 SYSTEMPATH\CodeIgniter.php(468): CodeIgniter\CodeIgniter->runController(Object(App\Controllers\Homeperpus))
11 SYSTEMPATH\CodeIgniter.php(351): CodeIgniter\CodeIgniter->handleRequest(null, Object(Config\Cache), false)
12 FCPATH\index.php(55): CodeIgniter\CodeIgniter->run()
13 SYSTEMPATH\Commands\Server\rewrite.php(43): require_once('FCPATH\\index.php')
ERROR - 2022-06-08 06:53:51 --> Column 'kode_buku' cannot be null
CRITICAL - 2022-06-08 06:53:51 --> Column 'kode_buku' cannot be null
in SYSTEMPATH\Database\MySQLi\Connection.php on line 292.
 1 SYSTEMPATH\Database\MySQLi\Connection.php(292): mysqli->query('INSERT INTO `buku` (`kode_buku`, `judul`, `tahun`, `pengarang`, `jumlah`) VALUES (NULL, NULL, NULL, NULL, NULL)', 0)
 2 SYSTEMPATH\Database\BaseConnection.php(678): CodeIgniter\Database\MySQLi\Connection->execute('INSERT INTO `buku` (`kode_buku`, `judul`, `tahun`, `pengarang`, `jumlah`) VALUES (NULL, NULL, NULL, NULL, NULL)')
 3 SYSTEMPATH\Database\BaseConnection.php(606): CodeIgniter\Database\BaseConnection->simpleQuery('INSERT INTO `buku` (`kode_buku`, `judul`, `tahun`, `pengarang`, `jumlah`) VALUES (NULL, NULL, NULL, NULL, NULL)')
 4 SYSTEMPATH\Database\BaseBuilder.php(1904): CodeIgniter\Database\BaseConnection->query('INSERT INTO `buku` (`kode_buku`, `judul`, `tahun`, `pengarang`, `jumlah`) VALUES (:kode_buku:, :judul:, :tahun:, :pengarang:, :jumlah:)', [...], false)
 5 SYSTEMPATH\Model.php(278): CodeIgniter\Database\BaseBuilder->insert()
 6 SYSTEMPATH\BaseModel.php(738): CodeIgniter\Model->doInsert([...])
 7 SYSTEMPATH\Model.php(666): CodeIgniter\BaseModel->insert([...], true)
 8 APPPATH\Controllers\Homeperpus.php(65): CodeIgniter\Model->insert([...])
 9 SYSTEMPATH\CodeIgniter.php(898): App\Controllers\Homeperpus->simpanbuku()
10 SYSTEMPATH\CodeIgniter.php(468): CodeIgniter\CodeIgniter->runController(Object(App\Controllers\Homeperpus))
11 SYSTEMPATH\CodeIgniter.php(351): CodeIgniter\CodeIgniter->handleRequest(null, Object(Config\Cache), false)
12 FCPATH\index.php(55): CodeIgniter\CodeIgniter->run()
13 SYSTEMPATH\Commands\Server\rewrite.php(43): require_once('FCPATH\\index.php')
ERROR - 2022-06-08 06:54:31 --> Column 'nomor' cannot be null
CRITICAL - 2022-06-08 06:54:31 --> Column 'nomor' cannot be null
in SYSTEMPATH\Database\MySQLi\Connection.php on line 292.
 1 SYSTEMPATH\Database\MySQLi\Connection.php(292): mysqli->query('INSERT INTO `anggota` (`id_anggota`, `nama_anggota`, `jenis_kelamin`, `alamat`, `nomor`, `username`, `password`) VALUES (\'AA001\', \'Tessa\', \'Perempuan\', \'Medono\', NULL, \'tessa12\', \'123456\')', 0)
 2 SYSTEMPATH\Database\BaseConnection.php(678): CodeIgniter\Database\MySQLi\Connection->execute('INSERT INTO `anggota` (`id_anggota`, `nama_anggota`, `jenis_kelamin`, `alamat`, `nomor`, `username`, `password`) VALUES (\'AA001\', \'Tessa\', \'Perempuan\', \'Medono\', NULL, \'tessa12\', \'123456\')')
 3 SYSTEMPATH\Database\BaseConnection.php(606): CodeIgniter\Database\BaseConnection->simpleQuery('INSERT INTO `anggota` (`id_anggota`, `nama_anggota`, `jenis_kelamin`, `alamat`, `nomor`, `username`, `password`) VALUES (\'AA001\', \'Tessa\', \'Perempuan\', \'Medono\', NULL, \'tessa12\', \'123456\')')
 4 SYSTEMPATH\Database\BaseBuilder.php(1904): CodeIgniter\Database\BaseConnection->query('INSERT INTO `anggota` (`id_anggota`, `nama_anggota`, `jenis_kelamin`, `alamat`, `nomor`, `username`, `password`) VALUES (:id_anggota:, :nama_anggota:, :jenis_kelamin:, :alamat:, :nomor:, :username:, :password:)', [...], false)
 5 SYSTEMPATH\Model.php(278): CodeIgniter\Database\BaseBuilder->insert()
 6 SYSTEMPATH\BaseModel.php(738): CodeIgniter\Model->doInsert([...])
 7 SYSTEMPATH\Model.php(666): CodeIgniter\BaseModel->insert([...], true)
 8 APPPATH\Controllers\Homeperpus.php(81): CodeIgniter\Model->insert([...])
 9 SYSTEMPATH\CodeIgniter.php(898): App\Controllers\Homeperpus->simpananggota()
10 SYSTEMPATH\CodeIgniter.php(468): CodeIgniter\CodeIgniter->runController(Object(App\Controllers\Homeperpus))
11 SYSTEMPATH\CodeIgniter.php(351): CodeIgniter\CodeIgniter->handleRequest(null, Object(Config\Cache), false)
12 FCPATH\index.php(55): CodeIgniter\CodeIgniter->run()
13 SYSTEMPATH\Commands\Server\rewrite.php(43): require_once('FCPATH\\index.php')
ERROR - 2022-06-08 06:55:33 --> Column 'nomor' cannot be null
CRITICAL - 2022-06-08 06:55:33 --> Column 'nomor' cannot be null
in SYSTEMPATH\Database\MySQLi\Connection.php on line 292.
 1 SYSTEMPATH\Database\MySQLi\Connection.php(292): mysqli->query('INSERT INTO `anggota` (`id_anggota`, `nama_anggota`, `jenis_kelamin`, `alamat`, `nomor`, `username`, `password`) VALUES (\'AA001\', \'Tessa\', \'Perempuan\', \'Medono\', NULL, \'tessa12\', \'123456\')', 0)
 2 SYSTEMPATH\Database\BaseConnection.php(678): CodeIgniter\Database\MySQLi\Connection->execute('INSERT INTO `anggota` (`id_anggota`, `nama_anggota`, `jenis_kelamin`, `alamat`, `nomor`, `username`, `password`) VALUES (\'AA001\', \'Tessa\', \'Perempuan\', \'Medono\', NULL, \'tessa12\', \'123456\')')
 3 SYSTEMPATH\Database\BaseConnection.php(606): CodeIgniter\Database\BaseConnection->simpleQuery('INSERT INTO `anggota` (`id_anggota`, `nama_anggota`, `jenis_kelamin`, `alamat`, `nomor`, `username`, `password`) VALUES (\'AA001\', \'Tessa\', \'Perempuan\', \'Medono\', NULL, \'tessa12\', \'123456\')')
 4 SYSTEMPATH\Database\BaseBuilder.php(1904): CodeIgniter\Database\BaseConnection->query('INSERT INTO `anggota` (`id_anggota`, `nama_anggota`, `jenis_kelamin`, `alamat`, `nomor`, `username`, `password`) VALUES (:id_anggota:, :nama_anggota:, :jenis_kelamin:, :alamat:, :nomor:, :username:, :password:)', [...], false)
 5 SYSTEMPATH\Model.php(278): CodeIgniter\Database\BaseBuilder->insert()
 6 SYSTEMPATH\BaseModel.php(738): CodeIgniter\Model->doInsert([...])
 7 SYSTEMPATH\Model.php(666): CodeIgniter\BaseModel->insert([...], true)
 8 APPPATH\Controllers\Homeperpus.php(81): CodeIgniter\Model->insert([...])
 9 SYSTEMPATH\CodeIgniter.php(898): App\Controllers\Homeperpus->simpananggota()
10 SYSTEMPATH\CodeIgniter.php(468): CodeIgniter\CodeIgniter->runController(Object(App\Controllers\Homeperpus))
11 SYSTEMPATH\CodeIgniter.php(351): CodeIgniter\CodeIgniter->handleRequest(null, Object(Config\Cache), false)
12 FCPATH\index.php(55): CodeIgniter\CodeIgniter->run()
13 SYSTEMPATH\Commands\Server\rewrite.php(43): require_once('FCPATH\\index.php')
ERROR - 2022-06-08 06:55:45 --> Column 'nomor' cannot be null
CRITICAL - 2022-06-08 06:55:45 --> Column 'nomor' cannot be null
in SYSTEMPATH\Database\MySQLi\Connection.php on line 292.
 1 SYSTEMPATH\Database\MySQLi\Connection.php(292): mysqli->query('INSERT INTO `anggota` (`id_anggota`, `nama_anggota`, `jenis_kelamin`, `alamat`, `nomor`, `username`, `password`) VALUES (\'AA001\', \'Tessa\', \'Perempuan\', \'Medono\', NULL, \'tessa12\', \'123456\')', 0)
 2 SYSTEMPATH\Database\BaseConnection.php(678): CodeIgniter\Database\MySQLi\Connection->execute('INSERT INTO `anggota` (`id_anggota`, `nama_anggota`, `jenis_kelamin`, `alamat`, `nomor`, `username`, `password`) VALUES (\'AA001\', \'Tessa\', \'Perempuan\', \'Medono\', NULL, \'tessa12\', \'123456\')')
 3 SYSTEMPATH\Database\BaseConnection.php(606): CodeIgniter\Database\BaseConnection->simpleQuery('INSERT INTO `anggota` (`id_anggota`, `nama_anggota`, `jenis_kelamin`, `alamat`, `nomor`, `username`, `password`) VALUES (\'AA001\', \'Tessa\', \'Perempuan\', \'Medono\', NULL, \'tessa12\', \'123456\')')
 4 SYSTEMPATH\Database\BaseBuilder.php(1904): CodeIgniter\Database\BaseConnection->query('INSERT INTO `anggota` (`id_anggota`, `nama_anggota`, `jenis_kelamin`, `alamat`, `nomor`, `username`, `password`) VALUES (:id_anggota:, :nama_anggota:, :jenis_kelamin:, :alamat:, :nomor:, :username:, :password:)', [...], false)
 5 SYSTEMPATH\Model.php(278): CodeIgniter\Database\BaseBuilder->insert()
 6 SYSTEMPATH\BaseModel.php(738): CodeIgniter\Model->doInsert([...])
 7 SYSTEMPATH\Model.php(666): CodeIgniter\BaseModel->insert([...], true)
 8 APPPATH\Controllers\Homeperpus.php(81): CodeIgniter\Model->insert([...])
 9 SYSTEMPATH\CodeIgniter.php(898): App\Controllers\Homeperpus->simpananggota()
10 SYSTEMPATH\CodeIgniter.php(468): CodeIgniter\CodeIgniter->runController(Object(App\Controllers\Homeperpus))
11 SYSTEMPATH\CodeIgniter.php(351): CodeIgniter\CodeIgniter->handleRequest(null, Object(Config\Cache), false)
12 FCPATH\index.php(55): CodeIgniter\CodeIgniter->run()
13 SYSTEMPATH\Commands\Server\rewrite.php(43): require_once('FCPATH\\index.php')
ERROR - 2022-06-08 07:00:28 --> Column 'nomor' cannot be null
CRITICAL - 2022-06-08 07:00:28 --> Column 'nomor' cannot be null
in SYSTEMPATH\Database\MySQLi\Connection.php on line 292.
 1 SYSTEMPATH\Database\MySQLi\Connection.php(292): mysqli->query('INSERT INTO `anggota` (`id_anggota`, `nama_anggota`, `jenis_kelamin`, `alamat`, `nomor`, `username`, `password`) VALUES (\'AA001\', \'Tessa\', \'Perempuan\', \'Medono\', NULL, \'tessa12\', \'123456\')', 0)
 2 SYSTEMPATH\Database\BaseConnection.php(678): CodeIgniter\Database\MySQLi\Connection->execute('INSERT INTO `anggota` (`id_anggota`, `nama_anggota`, `jenis_kelamin`, `alamat`, `nomor`, `username`, `password`) VALUES (\'AA001\', \'Tessa\', \'Perempuan\', \'Medono\', NULL, \'tessa12\', \'123456\')')
 3 SYSTEMPATH\Database\BaseConnection.php(606): CodeIgniter\Database\BaseConnection->simpleQuery('INSERT INTO `anggota` (`id_anggota`, `nama_anggota`, `jenis_kelamin`, `alamat`, `nomor`, `username`, `password`) VALUES (\'AA001\', \'Tessa\', \'Perempuan\', \'Medono\', NULL, \'tessa12\', \'123456\')')
 4 SYSTEMPATH\Database\BaseBuilder.php(1904): CodeIgniter\Database\BaseConnection->query('INSERT INTO `anggota` (`id_anggota`, `nama_anggota`, `jenis_kelamin`, `alamat`, `nomor`, `username`, `password`) VALUES (:id_anggota:, :nama_anggota:, :jenis_kelamin:, :alamat:, :nomor:, :username:, :password:)', [...], false)
 5 SYSTEMPATH\Model.php(278): CodeIgniter\Database\BaseBuilder->insert()
 6 SYSTEMPATH\BaseModel.php(738): CodeIgniter\Model->doInsert([...])
 7 SYSTEMPATH\Model.php(666): CodeIgniter\BaseModel->insert([...], true)
 8 APPPATH\Controllers\Homeperpus.php(81): CodeIgniter\Model->insert([...])
 9 SYSTEMPATH\CodeIgniter.php(898): App\Controllers\Homeperpus->simpananggota()
10 SYSTEMPATH\CodeIgniter.php(468): CodeIgniter\CodeIgniter->runController(Object(App\Controllers\Homeperpus))
11 SYSTEMPATH\CodeIgniter.php(351): CodeIgniter\CodeIgniter->handleRequest(null, Object(Config\Cache), false)
12 FCPATH\index.php(55): CodeIgniter\CodeIgniter->run()
13 SYSTEMPATH\Commands\Server\rewrite.php(43): require_once('FCPATH\\index.php')
ERROR - 2022-06-08 07:01:00 --> Column 'nomor' cannot be null
CRITICAL - 2022-06-08 07:01:00 --> Column 'nomor' cannot be null
in SYSTEMPATH\Database\MySQLi\Connection.php on line 292.
 1 SYSTEMPATH\Database\MySQLi\Connection.php(292): mysqli->query('INSERT INTO `anggota` (`id_anggota`, `nama_anggota`, `jenis_kelamin`, `alamat`, `nomor`, `username`, `password`) VALUES (\'AA001\', \'Tessa\', \'Perempuan\', \'Medono\', NULL, \'tessa12\', \'123456\')', 0)
 2 SYSTEMPATH\Database\BaseConnection.php(678): CodeIgniter\Database\MySQLi\Connection->execute('INSERT INTO `anggota` (`id_anggota`, `nama_anggota`, `jenis_kelamin`, `alamat`, `nomor`, `username`, `password`) VALUES (\'AA001\', \'Tessa\', \'Perempuan\', \'Medono\', NULL, \'tessa12\', \'123456\')')
 3 SYSTEMPATH\Database\BaseConnection.php(606): CodeIgniter\Database\BaseConnection->simpleQuery('INSERT INTO `anggota` (`id_anggota`, `nama_anggota`, `jenis_kelamin`, `alamat`, `nomor`, `username`, `password`) VALUES (\'AA001\', \'Tessa\', \'Perempuan\', \'Medono\', NULL, \'tessa12\', \'123456\')')
 4 SYSTEMPATH\Database\BaseBuilder.php(1904): CodeIgniter\Database\BaseConnection->query('INSERT INTO `anggota` (`id_anggota`, `nama_anggota`, `jenis_kelamin`, `alamat`, `nomor`, `username`, `password`) VALUES (:id_anggota:, :nama_anggota:, :jenis_kelamin:, :alamat:, :nomor:, :username:, :password:)', [...], false)
 5 SYSTEMPATH\Model.php(278): CodeIgniter\Database\BaseBuilder->insert()
 6 SYSTEMPATH\BaseModel.php(738): CodeIgniter\Model->doInsert([...])
 7 SYSTEMPATH\Model.php(666): CodeIgniter\BaseModel->insert([...], true)
 8 APPPATH\Controllers\Homeperpus.php(81): CodeIgniter\Model->insert([...])
 9 SYSTEMPATH\CodeIgniter.php(898): App\Controllers\Homeperpus->simpananggota()
10 SYSTEMPATH\CodeIgniter.php(468): CodeIgniter\CodeIgniter->runController(Object(App\Controllers\Homeperpus))
11 SYSTEMPATH\CodeIgniter.php(351): CodeIgniter\CodeIgniter->handleRequest(null, Object(Config\Cache), false)
12 FCPATH\index.php(55): CodeIgniter\CodeIgniter->run()
13 SYSTEMPATH\Commands\Server\rewrite.php(43): require_once('FCPATH\\index.php')
